<?xml version="1.0" encoding="UTF-8"?>
<!-- Generated by org.testng.reporters.JUnitXMLReporter -->
<testsuite ignored="0" hostname="DESKTOP-ESJ8UKI" failures="0" tests="8" name="Currency Conversion Test POM" time="41.136" errors="0" timestamp="2024-02-01T14:57:06 GMT">
  <testcase classname="com.xe.testcases.ConversionTestUsingPOM" name="verifyConversionPageTitle" time="0.087"/>
  <testcase classname="com.xe.testcases.ConversionTestUsingPOM" name="verifySignInButtonIsPresent" time="0.067"/>
  <testcase classname="com.xe.testcases.ConversionTestUsingPOM" name="currencyConverionTest" time="2.522"/>
  <testcase classname="com.xe.testcases.ConversionTestUsingPOM" name="currencyConverionTest" time="2.517"/>
  <testcase classname="com.xe.testcases.ConversionTestUsingPOM" name="currencyConverionTest" time="2.546"/>
  <testcase classname="com.xe.testcases.ConversionTestUsingPOM" name="currencyConverionTest" time="0.003">
    <skipped/>
  </testcase> <!-- currencyConverionTest -->
  <testcase classname="com.xe.testcases.ConversionTestUsingPOM" name="currencyConverionTest" time="2.886"/>
  <testcase classname="com.xe.testcases.ConversionTestUsingPOM" name="currencyConverionTest" time="2.481"/>
</testsuite> <!-- Currency Conversion Test POM -->
