<?xml version="1.0" encoding="UTF-8"?>
<!-- Generated by org.testng.reporters.JUnitXMLReporter -->
<testsuite ignored="0" hostname="DESKTOP-ESJ8UKI" failures="0" tests="8" name="Currency Conversion Test" time="40.014" errors="0" timestamp="2024-02-01T09:56:59 GMT">
  <testcase classname="com.xe.testcases.ConversionTest" name="verifyConversionPageTitle" time="0.129"/>
  <testcase classname="com.xe.testcases.ConversionTest" name="verifySignInButtonIsPresent" time="0.027"/>
  <testcase classname="com.xe.testcases.ConversionTest" name="currencyConverionTest" time="2.446"/>
  <testcase classname="com.xe.testcases.ConversionTest" name="currencyConverionTest" time="2.246"/>
  <testcase classname="com.xe.testcases.ConversionTest" name="currencyConverionTest" time="2.279"/>
  <testcase classname="com.xe.testcases.ConversionTest" name="currencyConverionTest" time="0.003">
    <skipped/>
  </testcase> <!-- currencyConverionTest -->
  <testcase classname="com.xe.testcases.ConversionTest" name="currencyConverionTest" time="2.384"/>
  <testcase classname="com.xe.testcases.ConversionTest" name="currencyConverionTest" time="2.272"/>
</testsuite> <!-- Currency Conversion Test -->
