<?xml version="1.0" encoding="UTF-8"?>
<!-- Generated by org.testng.reporters.JUnitXMLReporter -->
<testsuite ignored="0" hostname="DESKTOP-ESJ8UKI" failures="0" tests="8" name="Currency Conversion Test" time="42.331" errors="0" timestamp="2024-02-01T14:56:25 GMT">
  <testcase classname="com.xe.testcases.ConversionTest" name="verifyConversionPageTitle" time="0.128"/>
  <testcase classname="com.xe.testcases.ConversionTest" name="verifySignInButtonIsPresent" time="0.036"/>
  <testcase classname="com.xe.testcases.ConversionTest" name="currencyConverionTest" time="2.511"/>
  <testcase classname="com.xe.testcases.ConversionTest" name="currencyConverionTest" time="2.234"/>
  <testcase classname="com.xe.testcases.ConversionTest" name="currencyConverionTest" time="2.338"/>
  <testcase classname="com.xe.testcases.ConversionTest" name="currencyConverionTest" time="0.007">
    <skipped/>
  </testcase> <!-- currencyConverionTest -->
  <testcase classname="com.xe.testcases.ConversionTest" name="currencyConverionTest" time="2.319"/>
  <testcase classname="com.xe.testcases.ConversionTest" name="currencyConverionTest" time="2.279"/>
</testsuite> <!-- Currency Conversion Test -->
