<?xml version="1.0" encoding="UTF-8"?>
<!-- Generated by org.testng.reporters.JUnitXMLReporter -->
<testsuite ignored="0" hostname="DESKTOP-ESJ8UKI" failures="0" tests="8" name="Currency Conversion Test POM" time="41.673" errors="0" timestamp="2024-02-01T10:00:51 GMT">
  <testcase classname="com.xe.testcases.ConversionTestUsingPOM" name="verifyConversionPageTitle" time="0.194"/>
  <testcase classname="com.xe.testcases.ConversionTestUsingPOM" name="verifySignInButtonIsPresent" time="0.078"/>
  <testcase classname="com.xe.testcases.ConversionTestUsingPOM" name="currencyConverionTest" time="2.652"/>
  <testcase classname="com.xe.testcases.ConversionTestUsingPOM" name="currencyConverionTest" time="2.626"/>
  <testcase classname="com.xe.testcases.ConversionTestUsingPOM" name="currencyConverionTest" time="2.485"/>
  <testcase classname="com.xe.testcases.ConversionTestUsingPOM" name="currencyConverionTest" time="0.002">
    <skipped/>
  </testcase> <!-- currencyConverionTest -->
  <testcase classname="com.xe.testcases.ConversionTestUsingPOM" name="currencyConverionTest" time="2.62"/>
  <testcase classname="com.xe.testcases.ConversionTestUsingPOM" name="currencyConverionTest" time="2.499"/>
</testsuite> <!-- Currency Conversion Test POM -->
