<?xml version="1.0" encoding="UTF-8"?>
<!-- Generated by org.testng.reporters.JUnitXMLReporter -->
<testsuite ignored="0" hostname="DESKTOP-ESJ8UKI" failures="0" tests="8" name="Currency Conversion Test" time="44.25" errors="0" timestamp="2024-02-01T12:03:36 GMT">
  <testcase classname="com.xe.testcases.ConversionTest" name="verifyConversionPageTitle" time="0.174"/>
  <testcase classname="com.xe.testcases.ConversionTest" name="verifySignInButtonIsPresent" time="0.046"/>
  <testcase classname="com.xe.testcases.ConversionTest" name="currencyConverionTest" time="2.508"/>
  <testcase classname="com.xe.testcases.ConversionTest" name="currencyConverionTest" time="2.4"/>
  <testcase classname="com.xe.testcases.ConversionTest" name="currencyConverionTest" time="2.425"/>
  <testcase classname="com.xe.testcases.ConversionTest" name="currencyConverionTest" time="0.01">
    <skipped/>
  </testcase> <!-- currencyConverionTest -->
  <testcase classname="com.xe.testcases.ConversionTest" name="currencyConverionTest" time="2.655"/>
  <testcase classname="com.xe.testcases.ConversionTest" name="currencyConverionTest" time="2.32"/>
</testsuite> <!-- Currency Conversion Test -->
