<?xml version="1.0" encoding="UTF-8"?>
<!-- Generated by org.testng.reporters.JUnitXMLReporter -->
<testsuite ignored="0" hostname="DESKTOP-ESJ8UKI" failures="0" tests="8" name="Currency Conversion Test POM" time="42.109" errors="0" timestamp="2024-02-01T16:12:47 GMT">
  <testcase classname="com.xe.testcases.ConversionTestUsingPOM" name="verifyConversionPageTitle" time="0.026"/>
  <testcase classname="com.xe.testcases.ConversionTestUsingPOM" name="verifySignInButtonIsPresent" time="0.068"/>
  <testcase classname="com.xe.testcases.ConversionTestUsingPOM" name="currencyConverionTest" time="2.533"/>
  <testcase classname="com.xe.testcases.ConversionTestUsingPOM" name="currencyConverionTest" time="2.594"/>
  <testcase classname="com.xe.testcases.ConversionTestUsingPOM" name="currencyConverionTest" time="2.523"/>
  <testcase classname="com.xe.testcases.ConversionTestUsingPOM" name="currencyConverionTest" time="0.002">
    <skipped/>
  </testcase> <!-- currencyConverionTest -->
  <testcase classname="com.xe.testcases.ConversionTestUsingPOM" name="currencyConverionTest" time="2.667"/>
  <testcase classname="com.xe.testcases.ConversionTestUsingPOM" name="currencyConverionTest" time="2.479"/>
</testsuite> <!-- Currency Conversion Test POM -->
