<?xml version="1.0" encoding="UTF-8"?>
<!-- Generated by org.testng.reporters.JUnitXMLReporter -->
<testsuite ignored="0" hostname="DESKTOP-ESJ8UKI" failures="1" tests="8" name="Currency Conversion Test POM" time="41.46" errors="0" timestamp="2024-02-01T12:04:18 GMT">
  <testcase classname="com.xe.testcases.ConversionTestUsingPOM" name="verifyConversionPageTitle" time="0.016">
    <failure type="java.lang.AssertionError" message="expected [Xe Currency Converter - Live Exchange Rates Today1] but found [Xe Currency Converter - Live Exchange Rates Today]">
      <![CDATA[java.lang.AssertionError: expected [Xe Currency Converter - Live Exchange Rates Today1] but found [Xe Currency Converter - Live Exchange Rates Today]
at com.xe.testcases.ConversionTestUsingPOM.verifyConversionPageTitle(ConversionTestUsingPOM.java:39)
at java.base/java.util.ArrayList.forEach(ArrayList.java:1511)
... Removed 37 stack frames]]>
    </failure>
  </testcase> <!-- verifyConversionPageTitle -->
  <testcase classname="com.xe.testcases.ConversionTestUsingPOM" name="verifySignInButtonIsPresent" time="0.075"/>
  <testcase classname="com.xe.testcases.ConversionTestUsingPOM" name="currencyConverionTest" time="2.618"/>
  <testcase classname="com.xe.testcases.ConversionTestUsingPOM" name="currencyConverionTest" time="2.567"/>
  <testcase classname="com.xe.testcases.ConversionTestUsingPOM" name="currencyConverionTest" time="2.577"/>
  <testcase classname="com.xe.testcases.ConversionTestUsingPOM" name="currencyConverionTest" time="0.005">
    <skipped/>
  </testcase> <!-- currencyConverionTest -->
  <testcase classname="com.xe.testcases.ConversionTestUsingPOM" name="currencyConverionTest" time="2.725"/>
  <testcase classname="com.xe.testcases.ConversionTestUsingPOM" name="currencyConverionTest" time="2.549"/>
</testsuite> <!-- Currency Conversion Test POM -->
