<?xml version="1.0" encoding="UTF-8"?>
<testng-results ignored="0" total="16" passed="13" failed="1" skipped="2">
  <reporter-output>
  </reporter-output>
  <suite started-at="2024-02-01T12:02:51 GMT" name="Currency Conversion Suite" finished-at="2024-02-01T12:04:18 GMT" duration-ms="86212">
    <groups>
    </groups>
    <test started-at="2024-02-01T12:02:51 GMT" name="Currency Conversion Test" finished-at="2024-02-01T12:03:36 GMT" duration-ms="44250">
      <class name="com.xe.testcases.ConversionTest">
        <test-method is-config="true" signature="setUp()[pri:0, instance:com.xe.testcases.ConversionTest@60c73e58]" started-at="2024-02-01T12:02:51 GMT" name="setUp" finished-at="2024-02-01T12:02:58 GMT" duration-ms="6765" status="PASS">
          <reporter-output>
          </reporter-output>
        </test-method> <!-- setUp -->
        <test-method signature="verifyConversionPageTitle()[pri:1, instance:com.xe.testcases.ConversionTest@60c73e58]" started-at="2024-02-01T12:02:58 GMT" name="verifyConversionPageTitle" description="Verifying Conversion Page Title" finished-at="2024-02-01T12:02:58 GMT" duration-ms="174" status="PASS">
          <reporter-output>
          </reporter-output>
        </test-method> <!-- verifyConversionPageTitle -->
        <test-method is-config="true" signature="refreshHomePage()[pri:0, instance:com.xe.testcases.ConversionTest@60c73e58]" started-at="2024-02-01T12:02:59 GMT" name="refreshHomePage" finished-at="2024-02-01T12:03:02 GMT" duration-ms="3266" status="PASS">
          <reporter-output>
          </reporter-output>
        </test-method> <!-- refreshHomePage -->
        <test-method signature="verifySignInButtonIsPresent()[pri:2, instance:com.xe.testcases.ConversionTest@60c73e58]" started-at="2024-02-01T12:03:02 GMT" name="verifySignInButtonIsPresent" description="Verifying SignIn button" finished-at="2024-02-01T12:03:02 GMT" duration-ms="46" status="PASS">
          <reporter-output>
          </reporter-output>
        </test-method> <!-- verifySignInButtonIsPresent -->
        <test-method is-config="true" signature="refreshHomePage()[pri:0, instance:com.xe.testcases.ConversionTest@60c73e58]" started-at="2024-02-01T12:03:02 GMT" name="refreshHomePage" finished-at="2024-02-01T12:03:05 GMT" duration-ms="2865" status="PASS">
          <reporter-output>
          </reporter-output>
        </test-method> <!-- refreshHomePage -->
        <test-method signature="currencyConverionTest(java.util.Hashtable)[pri:3, instance:com.xe.testcases.ConversionTest@60c73e58]" started-at="2024-02-01T12:03:05 GMT" name="currencyConverionTest" data-provider="getTestData" finished-at="2024-02-01T12:03:07 GMT" duration-ms="2508" status="PASS">
          <params>
            <param index="0">
              <value>
                <![CDATA[{Amount=120.0, From_Currency=EUR, Run_Mode=Y, To_Currency=USD}]]>
              </value>
            </param>
          </params>
          <reporter-output>
          </reporter-output>
        </test-method> <!-- currencyConverionTest -->
        <test-method is-config="true" signature="refreshHomePage()[pri:0, instance:com.xe.testcases.ConversionTest@60c73e58]" started-at="2024-02-01T12:03:07 GMT" name="refreshHomePage" finished-at="2024-02-01T12:03:10 GMT" duration-ms="2939" status="PASS">
          <reporter-output>
          </reporter-output>
        </test-method> <!-- refreshHomePage -->
        <test-method signature="currencyConverionTest(java.util.Hashtable)[pri:3, instance:com.xe.testcases.ConversionTest@60c73e58]" started-at="2024-02-01T12:03:10 GMT" name="currencyConverionTest" data-provider="getTestData" finished-at="2024-02-01T12:03:13 GMT" duration-ms="2400" status="PASS">
          <params>
            <param index="0">
              <value>
                <![CDATA[{Amount=200.0, From_Currency=USD, Run_Mode=Y, To_Currency=EUR}]]>
              </value>
            </param>
          </params>
          <reporter-output>
          </reporter-output>
        </test-method> <!-- currencyConverionTest -->
        <test-method is-config="true" signature="refreshHomePage()[pri:0, instance:com.xe.testcases.ConversionTest@60c73e58]" started-at="2024-02-01T12:03:13 GMT" name="refreshHomePage" finished-at="2024-02-01T12:03:16 GMT" duration-ms="3063" status="PASS">
          <reporter-output>
          </reporter-output>
        </test-method> <!-- refreshHomePage -->
        <test-method signature="currencyConverionTest(java.util.Hashtable)[pri:3, instance:com.xe.testcases.ConversionTest@60c73e58]" started-at="2024-02-01T12:03:16 GMT" name="currencyConverionTest" data-provider="getTestData" finished-at="2024-02-01T12:03:18 GMT" duration-ms="2425" status="PASS">
          <params>
            <param index="0">
              <value>
                <![CDATA[{Amount=100.0, From_Currency=GBP, Run_Mode=Y, To_Currency=INR}]]>
              </value>
            </param>
          </params>
          <reporter-output>
          </reporter-output>
        </test-method> <!-- currencyConverionTest -->
        <test-method is-config="true" signature="refreshHomePage()[pri:0, instance:com.xe.testcases.ConversionTest@60c73e58]" started-at="2024-02-01T12:03:18 GMT" name="refreshHomePage" finished-at="2024-02-01T12:03:21 GMT" duration-ms="3030" status="PASS">
          <reporter-output>
          </reporter-output>
        </test-method> <!-- refreshHomePage -->
        <test-method signature="currencyConverionTest(java.util.Hashtable)[pri:3, instance:com.xe.testcases.ConversionTest@60c73e58]" started-at="2024-02-01T12:03:21 GMT" name="currencyConverionTest" data-provider="getTestData" finished-at="2024-02-01T12:03:21 GMT" duration-ms="10" status="SKIP">
          <params>
            <param index="0">
              <value>
                <![CDATA[{Amount=200.0, From_Currency=AUD, Run_Mode=N, To_Currency=USD}]]>
              </value>
            </param>
          </params>
          <exception class="org.testng.SkipException">
            <message>
              <![CDATA[Skipping the test as the run mode is NO]]>
            </message>
            <full-stacktrace>
              <![CDATA[org.testng.SkipException: Skipping the test as the run mode is NO
at com.xe.testcases.ConversionTest.currencyConverionTest(ConversionTest.java:52)
at java.base/jdk.internal.reflect.NativeMethodAccessorImpl.invoke0(Native Method)
at java.base/jdk.internal.reflect.NativeMethodAccessorImpl.invoke(NativeMethodAccessorImpl.java:77)
at java.base/jdk.internal.reflect.DelegatingMethodAccessorImpl.invoke(DelegatingMethodAccessorImpl.java:43)
at java.base/java.lang.reflect.Method.invoke(Method.java:568)
at org.testng.internal.invokers.MethodInvocationHelper.invokeMethod(MethodInvocationHelper.java:136)
at org.testng.internal.invokers.TestInvoker.invokeMethod(TestInvoker.java:658)
at org.testng.internal.invokers.TestInvoker.invokeTestMethod(TestInvoker.java:219)
at org.testng.internal.invokers.MethodRunner.runInSequence(MethodRunner.java:50)
at org.testng.internal.invokers.TestInvoker$MethodInvocationAgent.invoke(TestInvoker.java:923)
at org.testng.internal.invokers.TestInvoker.invokeTestMethods(TestInvoker.java:192)
at org.testng.internal.invokers.TestMethodWorker.invokeTestMethods(TestMethodWorker.java:146)
at org.testng.internal.invokers.TestMethodWorker.run(TestMethodWorker.java:128)
at java.base/java.util.ArrayList.forEach(ArrayList.java:1511)
at org.testng.TestRunner.privateRun(TestRunner.java:808)
at org.testng.TestRunner.run(TestRunner.java:603)
at org.testng.SuiteRunner.runTest(SuiteRunner.java:429)
at org.testng.SuiteRunner.runSequentially(SuiteRunner.java:423)
at org.testng.SuiteRunner.privateRun(SuiteRunner.java:383)
at org.testng.SuiteRunner.run(SuiteRunner.java:326)
at org.testng.SuiteRunnerWorker.runSuite(SuiteRunnerWorker.java:52)
at org.testng.SuiteRunnerWorker.run(SuiteRunnerWorker.java:95)
at org.testng.TestNG.runSuitesSequentially(TestNG.java:1249)
at org.testng.TestNG.runSuitesLocally(TestNG.java:1169)
at org.testng.TestNG.runSuites(TestNG.java:1092)
at org.testng.TestNG.run(TestNG.java:1060)
at org.apache.maven.surefire.testng.TestNGExecutor.run(TestNGExecutor.java:283)
at org.apache.maven.surefire.testng.TestNGXmlTestSuite.execute(TestNGXmlTestSuite.java:75)
at org.apache.maven.surefire.testng.TestNGProvider.invoke(TestNGProvider.java:120)
at org.apache.maven.surefire.booter.ForkedBooter.invokeProviderInSameClassLoader(ForkedBooter.java:384)
at org.apache.maven.surefire.booter.ForkedBooter.runSuitesInProcess(ForkedBooter.java:345)
at org.apache.maven.surefire.booter.ForkedBooter.execute(ForkedBooter.java:126)
at org.apache.maven.surefire.booter.ForkedBooter.main(ForkedBooter.java:418)
]]>
            </full-stacktrace>
          </exception> <!-- org.testng.SkipException -->
          <reporter-output>
          </reporter-output>
        </test-method> <!-- currencyConverionTest -->
        <test-method is-config="true" signature="refreshHomePage()[pri:0, instance:com.xe.testcases.ConversionTest@60c73e58]" started-at="2024-02-01T12:03:21 GMT" name="refreshHomePage" finished-at="2024-02-01T12:03:24 GMT" duration-ms="3014" status="PASS">
          <reporter-output>
          </reporter-output>
        </test-method> <!-- refreshHomePage -->
        <test-method signature="currencyConverionTest(java.util.Hashtable)[pri:3, instance:com.xe.testcases.ConversionTest@60c73e58]" started-at="2024-02-01T12:03:24 GMT" name="currencyConverionTest" data-provider="getTestData" finished-at="2024-02-01T12:03:27 GMT" duration-ms="2655" status="PASS">
          <params>
            <param index="0">
              <value>
                <![CDATA[{Amount=170.0, From_Currency=USD, Run_Mode=Y, To_Currency=AUD}]]>
              </value>
            </param>
          </params>
          <reporter-output>
          </reporter-output>
        </test-method> <!-- currencyConverionTest -->
        <test-method is-config="true" signature="refreshHomePage()[pri:0, instance:com.xe.testcases.ConversionTest@60c73e58]" started-at="2024-02-01T12:03:27 GMT" name="refreshHomePage" finished-at="2024-02-01T12:03:30 GMT" duration-ms="2989" status="PASS">
          <reporter-output>
          </reporter-output>
        </test-method> <!-- refreshHomePage -->
        <test-method signature="currencyConverionTest(java.util.Hashtable)[pri:3, instance:com.xe.testcases.ConversionTest@60c73e58]" started-at="2024-02-01T12:03:30 GMT" name="currencyConverionTest" data-provider="getTestData" finished-at="2024-02-01T12:03:32 GMT" duration-ms="2320" status="PASS">
          <params>
            <param index="0">
              <value>
                <![CDATA[{Amount=230.0, From_Currency=JPY, Run_Mode=Y, To_Currency=CAD}]]>
              </value>
            </param>
          </params>
          <reporter-output>
          </reporter-output>
        </test-method> <!-- currencyConverionTest -->
        <test-method is-config="true" signature="refreshHomePage()[pri:0, instance:com.xe.testcases.ConversionTest@60c73e58]" started-at="2024-02-01T12:03:32 GMT" name="refreshHomePage" finished-at="2024-02-01T12:03:35 GMT" duration-ms="2961" status="PASS">
          <reporter-output>
          </reporter-output>
        </test-method> <!-- refreshHomePage -->
        <test-method is-config="true" signature="tearDown()[pri:0, instance:com.xe.testcases.ConversionTest@60c73e58]" started-at="2024-02-01T12:03:35 GMT" name="tearDown" finished-at="2024-02-01T12:03:36 GMT" duration-ms="384" status="PASS">
          <reporter-output>
          </reporter-output>
        </test-method> <!-- tearDown -->
      </class> <!-- com.xe.testcases.ConversionTest -->
    </test> <!-- Currency Conversion Test -->
    <test started-at="2024-02-01T12:03:36 GMT" name="Currency Conversion Test POM" finished-at="2024-02-01T12:04:18 GMT" duration-ms="41460">
      <class name="com.xe.testcases.ConversionTestUsingPOM">
        <test-method is-config="true" signature="initialize()[pri:0, instance:com.xe.testcases.ConversionTestUsingPOM@732f6050]" started-at="2024-02-01T12:03:36 GMT" name="initialize" finished-at="2024-02-01T12:03:39 GMT" duration-ms="3151" status="PASS">
          <reporter-output>
          </reporter-output>
        </test-method> <!-- initialize -->
        <test-method signature="verifyConversionPageTitle()[pri:1, instance:com.xe.testcases.ConversionTestUsingPOM@732f6050]" started-at="2024-02-01T12:03:39 GMT" name="verifyConversionPageTitle" description="Verifying Conversion Page Title" finished-at="2024-02-01T12:03:39 GMT" duration-ms="16" status="FAIL">
          <exception class="java.lang.AssertionError">
            <message>
              <![CDATA[expected [Xe Currency Converter - Live Exchange Rates Today1] but found [Xe Currency Converter - Live Exchange Rates Today]]]>
            </message>
            <full-stacktrace>
              <![CDATA[java.lang.AssertionError: expected [Xe Currency Converter - Live Exchange Rates Today1] but found [Xe Currency Converter - Live Exchange Rates Today]
at org.testng.Assert.fail(Assert.java:110)
at org.testng.Assert.failNotEquals(Assert.java:1413)
at org.testng.Assert.assertEqualsImpl(Assert.java:149)
at org.testng.Assert.assertEquals(Assert.java:131)
at org.testng.Assert.assertEquals(Assert.java:655)
at org.testng.Assert.assertEquals(Assert.java:665)
at com.xe.testcases.ConversionTestUsingPOM.verifyConversionPageTitle(ConversionTestUsingPOM.java:39)
at java.base/jdk.internal.reflect.NativeMethodAccessorImpl.invoke0(Native Method)
at java.base/jdk.internal.reflect.NativeMethodAccessorImpl.invoke(NativeMethodAccessorImpl.java:77)
at java.base/jdk.internal.reflect.DelegatingMethodAccessorImpl.invoke(DelegatingMethodAccessorImpl.java:43)
at java.base/java.lang.reflect.Method.invoke(Method.java:568)
at org.testng.internal.invokers.MethodInvocationHelper.invokeMethod(MethodInvocationHelper.java:136)
at org.testng.internal.invokers.TestInvoker.invokeMethod(TestInvoker.java:658)
at org.testng.internal.invokers.TestInvoker.invokeTestMethod(TestInvoker.java:219)
at org.testng.internal.invokers.MethodRunner.runInSequence(MethodRunner.java:50)
at org.testng.internal.invokers.TestInvoker$MethodInvocationAgent.invoke(TestInvoker.java:923)
at org.testng.internal.invokers.TestInvoker.invokeTestMethods(TestInvoker.java:192)
at org.testng.internal.invokers.TestMethodWorker.invokeTestMethods(TestMethodWorker.java:146)
at org.testng.internal.invokers.TestMethodWorker.run(TestMethodWorker.java:128)
at java.base/java.util.ArrayList.forEach(ArrayList.java:1511)
at org.testng.TestRunner.privateRun(TestRunner.java:808)
at org.testng.TestRunner.run(TestRunner.java:603)
at org.testng.SuiteRunner.runTest(SuiteRunner.java:429)
at org.testng.SuiteRunner.runSequentially(SuiteRunner.java:423)
at org.testng.SuiteRunner.privateRun(SuiteRunner.java:383)
at org.testng.SuiteRunner.run(SuiteRunner.java:326)
at org.testng.SuiteRunnerWorker.runSuite(SuiteRunnerWorker.java:52)
at org.testng.SuiteRunnerWorker.run(SuiteRunnerWorker.java:95)
at org.testng.TestNG.runSuitesSequentially(TestNG.java:1249)
at org.testng.TestNG.runSuitesLocally(TestNG.java:1169)
at org.testng.TestNG.runSuites(TestNG.java:1092)
at org.testng.TestNG.run(TestNG.java:1060)
at org.apache.maven.surefire.testng.TestNGExecutor.run(TestNGExecutor.java:283)
at org.apache.maven.surefire.testng.TestNGXmlTestSuite.execute(TestNGXmlTestSuite.java:75)
at org.apache.maven.surefire.testng.TestNGProvider.invoke(TestNGProvider.java:120)
at org.apache.maven.surefire.booter.ForkedBooter.invokeProviderInSameClassLoader(ForkedBooter.java:384)
at org.apache.maven.surefire.booter.ForkedBooter.runSuitesInProcess(ForkedBooter.java:345)
at org.apache.maven.surefire.booter.ForkedBooter.execute(ForkedBooter.java:126)
at org.apache.maven.surefire.booter.ForkedBooter.main(ForkedBooter.java:418)
]]>
            </full-stacktrace>
          </exception> <!-- java.lang.AssertionError -->
          <reporter-output>
          </reporter-output>
        </test-method> <!-- verifyConversionPageTitle -->
        <test-method is-config="true" signature="refreshHomePage()[pri:0, instance:com.xe.testcases.ConversionTestUsingPOM@732f6050]" started-at="2024-02-01T12:03:40 GMT" name="refreshHomePage" finished-at="2024-02-01T12:03:43 GMT" duration-ms="3274" status="PASS">
          <reporter-output>
          </reporter-output>
        </test-method> <!-- refreshHomePage -->
        <test-method signature="verifySignInButtonIsPresent()[pri:2, instance:com.xe.testcases.ConversionTestUsingPOM@732f6050]" started-at="2024-02-01T12:03:43 GMT" name="verifySignInButtonIsPresent" description="Verifying SignIn button" finished-at="2024-02-01T12:03:43 GMT" duration-ms="75" status="PASS">
          <reporter-output>
          </reporter-output>
        </test-method> <!-- verifySignInButtonIsPresent -->
        <test-method is-config="true" signature="refreshHomePage()[pri:0, instance:com.xe.testcases.ConversionTestUsingPOM@732f6050]" started-at="2024-02-01T12:03:43 GMT" name="refreshHomePage" finished-at="2024-02-01T12:03:46 GMT" duration-ms="2868" status="PASS">
          <reporter-output>
          </reporter-output>
        </test-method> <!-- refreshHomePage -->
        <test-method signature="currencyConverionTest(java.util.Hashtable)[pri:3, instance:com.xe.testcases.ConversionTestUsingPOM@732f6050]" started-at="2024-02-01T12:03:46 GMT" name="currencyConverionTest" data-provider="getTestData" finished-at="2024-02-01T12:03:49 GMT" duration-ms="2618" status="PASS">
          <params>
            <param index="0">
              <value>
                <![CDATA[{Amount=120.0, From_Currency=EUR, Run_Mode=Y, To_Currency=USD}]]>
              </value>
            </param>
          </params>
          <reporter-output>
          </reporter-output>
        </test-method> <!-- currencyConverionTest -->
        <test-method is-config="true" signature="refreshHomePage()[pri:0, instance:com.xe.testcases.ConversionTestUsingPOM@732f6050]" started-at="2024-02-01T12:03:49 GMT" name="refreshHomePage" finished-at="2024-02-01T12:03:52 GMT" duration-ms="2933" status="PASS">
          <reporter-output>
          </reporter-output>
        </test-method> <!-- refreshHomePage -->
        <test-method signature="currencyConverionTest(java.util.Hashtable)[pri:3, instance:com.xe.testcases.ConversionTestUsingPOM@732f6050]" started-at="2024-02-01T12:03:52 GMT" name="currencyConverionTest" data-provider="getTestData" finished-at="2024-02-01T12:03:54 GMT" duration-ms="2567" status="PASS">
          <params>
            <param index="0">
              <value>
                <![CDATA[{Amount=200.0, From_Currency=USD, Run_Mode=Y, To_Currency=EUR}]]>
              </value>
            </param>
          </params>
          <reporter-output>
          </reporter-output>
        </test-method> <!-- currencyConverionTest -->
        <test-method is-config="true" signature="refreshHomePage()[pri:0, instance:com.xe.testcases.ConversionTestUsingPOM@732f6050]" started-at="2024-02-01T12:03:54 GMT" name="refreshHomePage" finished-at="2024-02-01T12:03:57 GMT" duration-ms="2879" status="PASS">
          <reporter-output>
          </reporter-output>
        </test-method> <!-- refreshHomePage -->
        <test-method signature="currencyConverionTest(java.util.Hashtable)[pri:3, instance:com.xe.testcases.ConversionTestUsingPOM@732f6050]" started-at="2024-02-01T12:03:57 GMT" name="currencyConverionTest" data-provider="getTestData" finished-at="2024-02-01T12:04:00 GMT" duration-ms="2577" status="PASS">
          <params>
            <param index="0">
              <value>
                <![CDATA[{Amount=100.0, From_Currency=GBP, Run_Mode=Y, To_Currency=INR}]]>
              </value>
            </param>
          </params>
          <reporter-output>
          </reporter-output>
        </test-method> <!-- currencyConverionTest -->
        <test-method is-config="true" signature="refreshHomePage()[pri:0, instance:com.xe.testcases.ConversionTestUsingPOM@732f6050]" started-at="2024-02-01T12:04:00 GMT" name="refreshHomePage" finished-at="2024-02-01T12:04:03 GMT" duration-ms="3160" status="PASS">
          <reporter-output>
          </reporter-output>
        </test-method> <!-- refreshHomePage -->
        <test-method signature="currencyConverionTest(java.util.Hashtable)[pri:3, instance:com.xe.testcases.ConversionTestUsingPOM@732f6050]" started-at="2024-02-01T12:04:03 GMT" name="currencyConverionTest" data-provider="getTestData" finished-at="2024-02-01T12:04:03 GMT" duration-ms="5" status="SKIP">
          <params>
            <param index="0">
              <value>
                <![CDATA[{Amount=200.0, From_Currency=AUD, Run_Mode=N, To_Currency=USD}]]>
              </value>
            </param>
          </params>
          <exception class="org.testng.SkipException">
            <message>
              <![CDATA[Skipping the test as the run mode is NO]]>
            </message>
            <full-stacktrace>
              <![CDATA[org.testng.SkipException: Skipping the test as the run mode is NO
at com.xe.testcases.ConversionTestUsingPOM.currencyConverionTest(ConversionTestUsingPOM.java:59)
at java.base/jdk.internal.reflect.NativeMethodAccessorImpl.invoke0(Native Method)
at java.base/jdk.internal.reflect.NativeMethodAccessorImpl.invoke(NativeMethodAccessorImpl.java:77)
at java.base/jdk.internal.reflect.DelegatingMethodAccessorImpl.invoke(DelegatingMethodAccessorImpl.java:43)
at java.base/java.lang.reflect.Method.invoke(Method.java:568)
at org.testng.internal.invokers.MethodInvocationHelper.invokeMethod(MethodInvocationHelper.java:136)
at org.testng.internal.invokers.TestInvoker.invokeMethod(TestInvoker.java:658)
at org.testng.internal.invokers.TestInvoker.invokeTestMethod(TestInvoker.java:219)
at org.testng.internal.invokers.MethodRunner.runInSequence(MethodRunner.java:50)
at org.testng.internal.invokers.TestInvoker$MethodInvocationAgent.invoke(TestInvoker.java:923)
at org.testng.internal.invokers.TestInvoker.invokeTestMethods(TestInvoker.java:192)
at org.testng.internal.invokers.TestMethodWorker.invokeTestMethods(TestMethodWorker.java:146)
at org.testng.internal.invokers.TestMethodWorker.run(TestMethodWorker.java:128)
at java.base/java.util.ArrayList.forEach(ArrayList.java:1511)
at org.testng.TestRunner.privateRun(TestRunner.java:808)
at org.testng.TestRunner.run(TestRunner.java:603)
at org.testng.SuiteRunner.runTest(SuiteRunner.java:429)
at org.testng.SuiteRunner.runSequentially(SuiteRunner.java:423)
at org.testng.SuiteRunner.privateRun(SuiteRunner.java:383)
at org.testng.SuiteRunner.run(SuiteRunner.java:326)
at org.testng.SuiteRunnerWorker.runSuite(SuiteRunnerWorker.java:52)
at org.testng.SuiteRunnerWorker.run(SuiteRunnerWorker.java:95)
at org.testng.TestNG.runSuitesSequentially(TestNG.java:1249)
at org.testng.TestNG.runSuitesLocally(TestNG.java:1169)
at org.testng.TestNG.runSuites(TestNG.java:1092)
at org.testng.TestNG.run(TestNG.java:1060)
at org.apache.maven.surefire.testng.TestNGExecutor.run(TestNGExecutor.java:283)
at org.apache.maven.surefire.testng.TestNGXmlTestSuite.execute(TestNGXmlTestSuite.java:75)
at org.apache.maven.surefire.testng.TestNGProvider.invoke(TestNGProvider.java:120)
at org.apache.maven.surefire.booter.ForkedBooter.invokeProviderInSameClassLoader(ForkedBooter.java:384)
at org.apache.maven.surefire.booter.ForkedBooter.runSuitesInProcess(ForkedBooter.java:345)
at org.apache.maven.surefire.booter.ForkedBooter.execute(ForkedBooter.java:126)
at org.apache.maven.surefire.booter.ForkedBooter.main(ForkedBooter.java:418)
]]>
            </full-stacktrace>
          </exception> <!-- org.testng.SkipException -->
          <reporter-output>
          </reporter-output>
        </test-method> <!-- currencyConverionTest -->
        <test-method is-config="true" signature="refreshHomePage()[pri:0, instance:com.xe.testcases.ConversionTestUsingPOM@732f6050]" started-at="2024-02-01T12:04:03 GMT" name="refreshHomePage" finished-at="2024-02-01T12:04:06 GMT" duration-ms="3139" status="PASS">
          <reporter-output>
          </reporter-output>
        </test-method> <!-- refreshHomePage -->
        <test-method signature="currencyConverionTest(java.util.Hashtable)[pri:3, instance:com.xe.testcases.ConversionTestUsingPOM@732f6050]" started-at="2024-02-01T12:04:06 GMT" name="currencyConverionTest" data-provider="getTestData" finished-at="2024-02-01T12:04:09 GMT" duration-ms="2725" status="PASS">
          <params>
            <param index="0">
              <value>
                <![CDATA[{Amount=170.0, From_Currency=USD, Run_Mode=Y, To_Currency=AUD}]]>
              </value>
            </param>
          </params>
          <reporter-output>
          </reporter-output>
        </test-method> <!-- currencyConverionTest -->
        <test-method is-config="true" signature="refreshHomePage()[pri:0, instance:com.xe.testcases.ConversionTestUsingPOM@732f6050]" started-at="2024-02-01T12:04:09 GMT" name="refreshHomePage" finished-at="2024-02-01T12:04:12 GMT" duration-ms="2922" status="PASS">
          <reporter-output>
          </reporter-output>
        </test-method> <!-- refreshHomePage -->
        <test-method signature="currencyConverionTest(java.util.Hashtable)[pri:3, instance:com.xe.testcases.ConversionTestUsingPOM@732f6050]" started-at="2024-02-01T12:04:12 GMT" name="currencyConverionTest" data-provider="getTestData" finished-at="2024-02-01T12:04:14 GMT" duration-ms="2549" status="PASS">
          <params>
            <param index="0">
              <value>
                <![CDATA[{Amount=230.0, From_Currency=JPY, Run_Mode=Y, To_Currency=CAD}]]>
              </value>
            </param>
          </params>
          <reporter-output>
          </reporter-output>
        </test-method> <!-- currencyConverionTest -->
        <test-method is-config="true" signature="refreshHomePage()[pri:0, instance:com.xe.testcases.ConversionTestUsingPOM@732f6050]" started-at="2024-02-01T12:04:14 GMT" name="refreshHomePage" finished-at="2024-02-01T12:04:17 GMT" duration-ms="3151" status="PASS">
          <reporter-output>
          </reporter-output>
        </test-method> <!-- refreshHomePage -->
        <test-method is-config="true" signature="tearDown()[pri:0, instance:com.xe.testcases.ConversionTestUsingPOM@732f6050]" started-at="2024-02-01T12:04:17 GMT" name="tearDown" finished-at="2024-02-01T12:04:18 GMT" duration-ms="255" status="PASS">
          <reporter-output>
          </reporter-output>
        </test-method> <!-- tearDown -->
      </class> <!-- com.xe.testcases.ConversionTestUsingPOM -->
    </test> <!-- Currency Conversion Test POM -->
  </suite> <!-- Currency Conversion Suite -->
</testng-results>
