<?xml version="1.0" encoding="UTF-8"?>
<testsuite xmlns:xsi="http://www.w3.org/2001/XMLSchema-instance" xsi:noNamespaceSchemaLocation="https://maven.apache.org/surefire/maven-surefire-plugin/xsd/surefire-test-report.xsd" name="TestSuite" time="88.941" tests="16" errors="0" skipped="2" failures="1">
  <properties>
[...]
</properties>
  <testcase name="verifyConversionPageTitle" classname="com.xe.testcases.ConversionTest" time="0.356"/>
  <testcase name="verifySignInButtonIsPresent" classname="com.xe.testcases.ConversionTest" time="0.049"/>
  <testcase name="currencyConverionTest" classname="com.xe.testcases.ConversionTest" time="2.515"/>
  <testcase name="currencyConverionTest" classname="com.xe.testcases.ConversionTest" time="2.404"/>
  <testcase name="currencyConverionTest" classname="com.xe.testcases.ConversionTest" time="2.428"/>
  <testcase name="currencyConverionTest" classname="com.xe.testcases.ConversionTest" time="0">
    <skipped message="Skipping the test as the run mode is NO"/>
    <system-out><![CDATA[I am in onTestStart method currencyConverionTest start
I am in onTestSkipped method currencyConverionTest skipped
]]></system-out>
  </testcase>
  <testcase name="currencyConverionTest" classname="com.xe.testcases.ConversionTest" time="2.658"/>
  <testcase name="currencyConverionTest" classname="com.xe.testcases.ConversionTest" time="2.322"/>
  <testcase name="verifyConversionPageTitle" classname="com.xe.testcases.ConversionTestUsingPOM" time="0.332">
    <failure message="expected [Xe Currency Converter - Live Exchange Rates Today1] but found [Xe Currency Converter - Live Exchange Rates Today]" type="java.lang.AssertionError">java.lang.AssertionError: expected [Xe Currency Converter - Live Exchange Rates Today1] but found [Xe Currency Converter - Live Exchange Rates Today]
	at com.xe.testcases.ConversionTestUsingPOM.verifyConversionPageTitle(ConversionTestUsingPOM.java:39)
</failure>
    <system-out><![CDATA[I am in onFinish method Currency Conversion Test
I am in onStart method Currency Conversion Test POM
I am in onTestStart method verifyConversionPageTitle start
]]></system-out>
  </testcase>
  <testcase name="verifySignInButtonIsPresent" classname="com.xe.testcases.ConversionTestUsingPOM" time="0.075"/>
  <testcase name="currencyConverionTest" classname="com.xe.testcases.ConversionTestUsingPOM" time="2.62"/>
  <testcase name="currencyConverionTest" classname="com.xe.testcases.ConversionTestUsingPOM" time="2.569"/>
  <testcase name="currencyConverionTest" classname="com.xe.testcases.ConversionTestUsingPOM" time="2.578"/>
  <testcase name="currencyConverionTest" classname="com.xe.testcases.ConversionTestUsingPOM" time="0">
    <skipped message="Skipping the test as the run mode is NO"/>
    <system-out><![CDATA[I am in onTestSuccess method currencyConverionTest succeed
I am in onTestStart method currencyConverionTest start
]]></system-out>
  </testcase>
  <testcase name="currencyConverionTest" classname="com.xe.testcases.ConversionTestUsingPOM" time="2.729"/>
  <testcase name="currencyConverionTest" classname="com.xe.testcases.ConversionTestUsingPOM" time="2.554"/>
</testsuite>