<?xml version="1.0" encoding="UTF-8"?>
<testng-results ignored="0" total="16" passed="14" failed="0" skipped="2">
  <reporter-output>
  </reporter-output>
  <suite started-at="2024-02-01T16:11:20 GMT" name="Currency Conversion Suite" finished-at="2024-02-01T16:12:47 GMT" duration-ms="87342">
    <groups>
    </groups>
    <test started-at="2024-02-01T16:11:20 GMT" name="Currency Conversion Test" finished-at="2024-02-01T16:12:05 GMT" duration-ms="44646">
      <class name="com.xe.testcases.ConversionTest">
        <test-method is-config="true" signature="setUp()[pri:0, instance:com.xe.testcases.ConversionTest@77ab22be]" started-at="2024-02-01T16:11:20 GMT" name="setUp" finished-at="2024-02-01T16:11:26 GMT" duration-ms="6535" status="PASS">
          <reporter-output>
          </reporter-output>
        </test-method> <!-- setUp -->
        <test-method signature="verifyConversionPageTitle()[pri:1, instance:com.xe.testcases.ConversionTest@77ab22be]" started-at="2024-02-01T16:11:26 GMT" name="verifyConversionPageTitle" description="Verifying Conversion Page Title" finished-at="2024-02-01T16:11:27 GMT" duration-ms="101" status="PASS">
          <reporter-output>
          </reporter-output>
        </test-method> <!-- verifyConversionPageTitle -->
        <test-method is-config="true" signature="refreshHomePage()[pri:0, instance:com.xe.testcases.ConversionTest@77ab22be]" started-at="2024-02-01T16:11:27 GMT" name="refreshHomePage" finished-at="2024-02-01T16:11:30 GMT" duration-ms="2827" status="PASS">
          <reporter-output>
          </reporter-output>
        </test-method> <!-- refreshHomePage -->
        <test-method signature="verifySignInButtonIsPresent()[pri:2, instance:com.xe.testcases.ConversionTest@77ab22be]" started-at="2024-02-01T16:11:30 GMT" name="verifySignInButtonIsPresent" description="Verifying SignIn button" finished-at="2024-02-01T16:11:30 GMT" duration-ms="53" status="PASS">
          <reporter-output>
          </reporter-output>
        </test-method> <!-- verifySignInButtonIsPresent -->
        <test-method is-config="true" signature="refreshHomePage()[pri:0, instance:com.xe.testcases.ConversionTest@77ab22be]" started-at="2024-02-01T16:11:30 GMT" name="refreshHomePage" finished-at="2024-02-01T16:11:33 GMT" duration-ms="3426" status="PASS">
          <reporter-output>
          </reporter-output>
        </test-method> <!-- refreshHomePage -->
        <test-method signature="currencyConverionTest(java.util.Hashtable)[pri:3, instance:com.xe.testcases.ConversionTest@77ab22be]" started-at="2024-02-01T16:11:33 GMT" name="currencyConverionTest" data-provider="getTestData" finished-at="2024-02-01T16:11:36 GMT" duration-ms="3042" status="PASS">
          <params>
            <param index="0">
              <value>
                <![CDATA[{Amount=120.0, From_Currency=EUR, Run_Mode=Y, To_Currency=USD}]]>
              </value>
            </param>
          </params>
          <reporter-output>
          </reporter-output>
        </test-method> <!-- currencyConverionTest -->
        <test-method is-config="true" signature="refreshHomePage()[pri:0, instance:com.xe.testcases.ConversionTest@77ab22be]" started-at="2024-02-01T16:11:36 GMT" name="refreshHomePage" finished-at="2024-02-01T16:11:39 GMT" duration-ms="3120" status="PASS">
          <reporter-output>
          </reporter-output>
        </test-method> <!-- refreshHomePage -->
        <test-method signature="currencyConverionTest(java.util.Hashtable)[pri:3, instance:com.xe.testcases.ConversionTest@77ab22be]" started-at="2024-02-01T16:11:39 GMT" name="currencyConverionTest" data-provider="getTestData" finished-at="2024-02-01T16:11:42 GMT" duration-ms="2462" status="PASS">
          <params>
            <param index="0">
              <value>
                <![CDATA[{Amount=200.0, From_Currency=USD, Run_Mode=Y, To_Currency=EUR}]]>
              </value>
            </param>
          </params>
          <reporter-output>
          </reporter-output>
        </test-method> <!-- currencyConverionTest -->
        <test-method is-config="true" signature="refreshHomePage()[pri:0, instance:com.xe.testcases.ConversionTest@77ab22be]" started-at="2024-02-01T16:11:42 GMT" name="refreshHomePage" finished-at="2024-02-01T16:11:45 GMT" duration-ms="3117" status="PASS">
          <reporter-output>
          </reporter-output>
        </test-method> <!-- refreshHomePage -->
        <test-method signature="currencyConverionTest(java.util.Hashtable)[pri:3, instance:com.xe.testcases.ConversionTest@77ab22be]" started-at="2024-02-01T16:11:45 GMT" name="currencyConverionTest" data-provider="getTestData" finished-at="2024-02-01T16:11:47 GMT" duration-ms="2385" status="PASS">
          <params>
            <param index="0">
              <value>
                <![CDATA[{Amount=100.0, From_Currency=GBP, Run_Mode=Y, To_Currency=INR}]]>
              </value>
            </param>
          </params>
          <reporter-output>
          </reporter-output>
        </test-method> <!-- currencyConverionTest -->
        <test-method is-config="true" signature="refreshHomePage()[pri:0, instance:com.xe.testcases.ConversionTest@77ab22be]" started-at="2024-02-01T16:11:47 GMT" name="refreshHomePage" finished-at="2024-02-01T16:11:50 GMT" duration-ms="2894" status="PASS">
          <reporter-output>
          </reporter-output>
        </test-method> <!-- refreshHomePage -->
        <test-method signature="currencyConverionTest(java.util.Hashtable)[pri:3, instance:com.xe.testcases.ConversionTest@77ab22be]" started-at="2024-02-01T16:11:50 GMT" name="currencyConverionTest" data-provider="getTestData" finished-at="2024-02-01T16:11:50 GMT" duration-ms="9" status="SKIP">
          <params>
            <param index="0">
              <value>
                <![CDATA[{Amount=200.0, From_Currency=AUD, Run_Mode=N, To_Currency=USD}]]>
              </value>
            </param>
          </params>
          <exception class="org.testng.SkipException">
            <message>
              <![CDATA[Skipping the test as the run mode is NO]]>
            </message>
            <full-stacktrace>
              <![CDATA[org.testng.SkipException: Skipping the test as the run mode is NO
at com.xe.testcases.ConversionTest.currencyConverionTest(ConversionTest.java:52)
at java.base/jdk.internal.reflect.NativeMethodAccessorImpl.invoke0(Native Method)
at java.base/jdk.internal.reflect.NativeMethodAccessorImpl.invoke(NativeMethodAccessorImpl.java:77)
at java.base/jdk.internal.reflect.DelegatingMethodAccessorImpl.invoke(DelegatingMethodAccessorImpl.java:43)
at java.base/java.lang.reflect.Method.invoke(Method.java:568)
at org.testng.internal.invokers.MethodInvocationHelper.invokeMethod(MethodInvocationHelper.java:136)
at org.testng.internal.invokers.TestInvoker.invokeMethod(TestInvoker.java:658)
at org.testng.internal.invokers.TestInvoker.invokeTestMethod(TestInvoker.java:219)
at org.testng.internal.invokers.MethodRunner.runInSequence(MethodRunner.java:50)
at org.testng.internal.invokers.TestInvoker$MethodInvocationAgent.invoke(TestInvoker.java:923)
at org.testng.internal.invokers.TestInvoker.invokeTestMethods(TestInvoker.java:192)
at org.testng.internal.invokers.TestMethodWorker.invokeTestMethods(TestMethodWorker.java:146)
at org.testng.internal.invokers.TestMethodWorker.run(TestMethodWorker.java:128)
at java.base/java.util.ArrayList.forEach(ArrayList.java:1511)
at org.testng.TestRunner.privateRun(TestRunner.java:808)
at org.testng.TestRunner.run(TestRunner.java:603)
at org.testng.SuiteRunner.runTest(SuiteRunner.java:429)
at org.testng.SuiteRunner.runSequentially(SuiteRunner.java:423)
at org.testng.SuiteRunner.privateRun(SuiteRunner.java:383)
at org.testng.SuiteRunner.run(SuiteRunner.java:326)
at org.testng.SuiteRunnerWorker.runSuite(SuiteRunnerWorker.java:52)
at org.testng.SuiteRunnerWorker.run(SuiteRunnerWorker.java:95)
at org.testng.TestNG.runSuitesSequentially(TestNG.java:1249)
at org.testng.TestNG.runSuitesLocally(TestNG.java:1169)
at org.testng.TestNG.runSuites(TestNG.java:1092)
at org.testng.TestNG.run(TestNG.java:1060)
at org.apache.maven.surefire.testng.TestNGExecutor.run(TestNGExecutor.java:283)
at org.apache.maven.surefire.testng.TestNGXmlTestSuite.execute(TestNGXmlTestSuite.java:75)
at org.apache.maven.surefire.testng.TestNGProvider.invoke(TestNGProvider.java:120)
at org.apache.maven.surefire.booter.ForkedBooter.invokeProviderInSameClassLoader(ForkedBooter.java:384)
at org.apache.maven.surefire.booter.ForkedBooter.runSuitesInProcess(ForkedBooter.java:345)
at org.apache.maven.surefire.booter.ForkedBooter.execute(ForkedBooter.java:126)
at org.apache.maven.surefire.booter.ForkedBooter.main(ForkedBooter.java:418)
]]>
            </full-stacktrace>
          </exception> <!-- org.testng.SkipException -->
          <reporter-output>
          </reporter-output>
        </test-method> <!-- currencyConverionTest -->
        <test-method is-config="true" signature="refreshHomePage()[pri:0, instance:com.xe.testcases.ConversionTest@77ab22be]" started-at="2024-02-01T16:11:50 GMT" name="refreshHomePage" finished-at="2024-02-01T16:11:53 GMT" duration-ms="2810" status="PASS">
          <reporter-output>
          </reporter-output>
        </test-method> <!-- refreshHomePage -->
        <test-method signature="currencyConverionTest(java.util.Hashtable)[pri:3, instance:com.xe.testcases.ConversionTest@77ab22be]" started-at="2024-02-01T16:11:53 GMT" name="currencyConverionTest" data-provider="getTestData" finished-at="2024-02-01T16:11:56 GMT" duration-ms="2540" status="PASS">
          <params>
            <param index="0">
              <value>
                <![CDATA[{Amount=170.0, From_Currency=USD, Run_Mode=Y, To_Currency=AUD}]]>
              </value>
            </param>
          </params>
          <reporter-output>
          </reporter-output>
        </test-method> <!-- currencyConverionTest -->
        <test-method is-config="true" signature="refreshHomePage()[pri:0, instance:com.xe.testcases.ConversionTest@77ab22be]" started-at="2024-02-01T16:11:56 GMT" name="refreshHomePage" finished-at="2024-02-01T16:11:59 GMT" duration-ms="3002" status="PASS">
          <reporter-output>
          </reporter-output>
        </test-method> <!-- refreshHomePage -->
        <test-method signature="currencyConverionTest(java.util.Hashtable)[pri:3, instance:com.xe.testcases.ConversionTest@77ab22be]" started-at="2024-02-01T16:11:59 GMT" name="currencyConverionTest" data-provider="getTestData" finished-at="2024-02-01T16:12:01 GMT" duration-ms="2619" status="PASS">
          <params>
            <param index="0">
              <value>
                <![CDATA[{Amount=230.0, From_Currency=JPY, Run_Mode=Y, To_Currency=CAD}]]>
              </value>
            </param>
          </params>
          <reporter-output>
          </reporter-output>
        </test-method> <!-- currencyConverionTest -->
        <test-method is-config="true" signature="refreshHomePage()[pri:0, instance:com.xe.testcases.ConversionTest@77ab22be]" started-at="2024-02-01T16:12:01 GMT" name="refreshHomePage" finished-at="2024-02-01T16:12:04 GMT" duration-ms="3020" status="PASS">
          <reporter-output>
          </reporter-output>
        </test-method> <!-- refreshHomePage -->
        <test-method is-config="true" signature="tearDown()[pri:0, instance:com.xe.testcases.ConversionTest@77ab22be]" started-at="2024-02-01T16:12:04 GMT" name="tearDown" finished-at="2024-02-01T16:12:04 GMT" duration-ms="269" status="PASS">
          <reporter-output>
          </reporter-output>
        </test-method> <!-- tearDown -->
      </class> <!-- com.xe.testcases.ConversionTest -->
    </test> <!-- Currency Conversion Test -->
    <test started-at="2024-02-01T16:12:05 GMT" name="Currency Conversion Test POM" finished-at="2024-02-01T16:12:47 GMT" duration-ms="42109">
      <class name="com.xe.testcases.ConversionTestUsingPOM">
        <test-method is-config="true" signature="initialize()[pri:0, instance:com.xe.testcases.ConversionTestUsingPOM@5f14761c]" started-at="2024-02-01T16:12:05 GMT" name="initialize" finished-at="2024-02-01T16:12:09 GMT" duration-ms="3617" status="PASS">
          <reporter-output>
          </reporter-output>
        </test-method> <!-- initialize -->
        <test-method signature="verifyConversionPageTitle()[pri:1, instance:com.xe.testcases.ConversionTestUsingPOM@5f14761c]" started-at="2024-02-01T16:12:09 GMT" name="verifyConversionPageTitle" description="Verifying Conversion Page Title" finished-at="2024-02-01T16:12:09 GMT" duration-ms="26" status="PASS">
          <reporter-output>
          </reporter-output>
        </test-method> <!-- verifyConversionPageTitle -->
        <test-method is-config="true" signature="refreshHomePage()[pri:0, instance:com.xe.testcases.ConversionTestUsingPOM@5f14761c]" started-at="2024-02-01T16:12:09 GMT" name="refreshHomePage" finished-at="2024-02-01T16:12:12 GMT" duration-ms="3000" status="PASS">
          <reporter-output>
          </reporter-output>
        </test-method> <!-- refreshHomePage -->
        <test-method signature="verifySignInButtonIsPresent()[pri:2, instance:com.xe.testcases.ConversionTestUsingPOM@5f14761c]" started-at="2024-02-01T16:12:12 GMT" name="verifySignInButtonIsPresent" description="Verifying SignIn button" finished-at="2024-02-01T16:12:12 GMT" duration-ms="68" status="PASS">
          <reporter-output>
          </reporter-output>
        </test-method> <!-- verifySignInButtonIsPresent -->
        <test-method is-config="true" signature="refreshHomePage()[pri:0, instance:com.xe.testcases.ConversionTestUsingPOM@5f14761c]" started-at="2024-02-01T16:12:12 GMT" name="refreshHomePage" finished-at="2024-02-01T16:12:15 GMT" duration-ms="2978" status="PASS">
          <reporter-output>
          </reporter-output>
        </test-method> <!-- refreshHomePage -->
        <test-method signature="currencyConverionTest(java.util.Hashtable)[pri:3, instance:com.xe.testcases.ConversionTestUsingPOM@5f14761c]" started-at="2024-02-01T16:12:15 GMT" name="currencyConverionTest" data-provider="getTestData" finished-at="2024-02-01T16:12:17 GMT" duration-ms="2533" status="PASS">
          <params>
            <param index="0">
              <value>
                <![CDATA[{Amount=120.0, From_Currency=EUR, Run_Mode=Y, To_Currency=USD}]]>
              </value>
            </param>
          </params>
          <reporter-output>
          </reporter-output>
        </test-method> <!-- currencyConverionTest -->
        <test-method is-config="true" signature="refreshHomePage()[pri:0, instance:com.xe.testcases.ConversionTestUsingPOM@5f14761c]" started-at="2024-02-01T16:12:17 GMT" name="refreshHomePage" finished-at="2024-02-01T16:12:20 GMT" duration-ms="2980" status="PASS">
          <reporter-output>
          </reporter-output>
        </test-method> <!-- refreshHomePage -->
        <test-method signature="currencyConverionTest(java.util.Hashtable)[pri:3, instance:com.xe.testcases.ConversionTestUsingPOM@5f14761c]" started-at="2024-02-01T16:12:20 GMT" name="currencyConverionTest" data-provider="getTestData" finished-at="2024-02-01T16:12:23 GMT" duration-ms="2594" status="PASS">
          <params>
            <param index="0">
              <value>
                <![CDATA[{Amount=200.0, From_Currency=USD, Run_Mode=Y, To_Currency=EUR}]]>
              </value>
            </param>
          </params>
          <reporter-output>
          </reporter-output>
        </test-method> <!-- currencyConverionTest -->
        <test-method is-config="true" signature="refreshHomePage()[pri:0, instance:com.xe.testcases.ConversionTestUsingPOM@5f14761c]" started-at="2024-02-01T16:12:23 GMT" name="refreshHomePage" finished-at="2024-02-01T16:12:26 GMT" duration-ms="3200" status="PASS">
          <reporter-output>
          </reporter-output>
        </test-method> <!-- refreshHomePage -->
        <test-method signature="currencyConverionTest(java.util.Hashtable)[pri:3, instance:com.xe.testcases.ConversionTestUsingPOM@5f14761c]" started-at="2024-02-01T16:12:26 GMT" name="currencyConverionTest" data-provider="getTestData" finished-at="2024-02-01T16:12:29 GMT" duration-ms="2523" status="PASS">
          <params>
            <param index="0">
              <value>
                <![CDATA[{Amount=100.0, From_Currency=GBP, Run_Mode=Y, To_Currency=INR}]]>
              </value>
            </param>
          </params>
          <reporter-output>
          </reporter-output>
        </test-method> <!-- currencyConverionTest -->
        <test-method is-config="true" signature="refreshHomePage()[pri:0, instance:com.xe.testcases.ConversionTestUsingPOM@5f14761c]" started-at="2024-02-01T16:12:29 GMT" name="refreshHomePage" finished-at="2024-02-01T16:12:32 GMT" duration-ms="3199" status="PASS">
          <reporter-output>
          </reporter-output>
        </test-method> <!-- refreshHomePage -->
        <test-method signature="currencyConverionTest(java.util.Hashtable)[pri:3, instance:com.xe.testcases.ConversionTestUsingPOM@5f14761c]" started-at="2024-02-01T16:12:32 GMT" name="currencyConverionTest" data-provider="getTestData" finished-at="2024-02-01T16:12:32 GMT" duration-ms="2" status="SKIP">
          <params>
            <param index="0">
              <value>
                <![CDATA[{Amount=200.0, From_Currency=AUD, Run_Mode=N, To_Currency=USD}]]>
              </value>
            </param>
          </params>
          <exception class="org.testng.SkipException">
            <message>
              <![CDATA[Skipping the test as the run mode is NO]]>
            </message>
            <full-stacktrace>
              <![CDATA[org.testng.SkipException: Skipping the test as the run mode is NO
at com.xe.testcases.ConversionTestUsingPOM.currencyConverionTest(ConversionTestUsingPOM.java:59)
at java.base/jdk.internal.reflect.NativeMethodAccessorImpl.invoke0(Native Method)
at java.base/jdk.internal.reflect.NativeMethodAccessorImpl.invoke(NativeMethodAccessorImpl.java:77)
at java.base/jdk.internal.reflect.DelegatingMethodAccessorImpl.invoke(DelegatingMethodAccessorImpl.java:43)
at java.base/java.lang.reflect.Method.invoke(Method.java:568)
at org.testng.internal.invokers.MethodInvocationHelper.invokeMethod(MethodInvocationHelper.java:136)
at org.testng.internal.invokers.TestInvoker.invokeMethod(TestInvoker.java:658)
at org.testng.internal.invokers.TestInvoker.invokeTestMethod(TestInvoker.java:219)
at org.testng.internal.invokers.MethodRunner.runInSequence(MethodRunner.java:50)
at org.testng.internal.invokers.TestInvoker$MethodInvocationAgent.invoke(TestInvoker.java:923)
at org.testng.internal.invokers.TestInvoker.invokeTestMethods(TestInvoker.java:192)
at org.testng.internal.invokers.TestMethodWorker.invokeTestMethods(TestMethodWorker.java:146)
at org.testng.internal.invokers.TestMethodWorker.run(TestMethodWorker.java:128)
at java.base/java.util.ArrayList.forEach(ArrayList.java:1511)
at org.testng.TestRunner.privateRun(TestRunner.java:808)
at org.testng.TestRunner.run(TestRunner.java:603)
at org.testng.SuiteRunner.runTest(SuiteRunner.java:429)
at org.testng.SuiteRunner.runSequentially(SuiteRunner.java:423)
at org.testng.SuiteRunner.privateRun(SuiteRunner.java:383)
at org.testng.SuiteRunner.run(SuiteRunner.java:326)
at org.testng.SuiteRunnerWorker.runSuite(SuiteRunnerWorker.java:52)
at org.testng.SuiteRunnerWorker.run(SuiteRunnerWorker.java:95)
at org.testng.TestNG.runSuitesSequentially(TestNG.java:1249)
at org.testng.TestNG.runSuitesLocally(TestNG.java:1169)
at org.testng.TestNG.runSuites(TestNG.java:1092)
at org.testng.TestNG.run(TestNG.java:1060)
at org.apache.maven.surefire.testng.TestNGExecutor.run(TestNGExecutor.java:283)
at org.apache.maven.surefire.testng.TestNGXmlTestSuite.execute(TestNGXmlTestSuite.java:75)
at org.apache.maven.surefire.testng.TestNGProvider.invoke(TestNGProvider.java:120)
at org.apache.maven.surefire.booter.ForkedBooter.invokeProviderInSameClassLoader(ForkedBooter.java:384)
at org.apache.maven.surefire.booter.ForkedBooter.runSuitesInProcess(ForkedBooter.java:345)
at org.apache.maven.surefire.booter.ForkedBooter.execute(ForkedBooter.java:126)
at org.apache.maven.surefire.booter.ForkedBooter.main(ForkedBooter.java:418)
]]>
            </full-stacktrace>
          </exception> <!-- org.testng.SkipException -->
          <reporter-output>
          </reporter-output>
        </test-method> <!-- currencyConverionTest -->
        <test-method is-config="true" signature="refreshHomePage()[pri:0, instance:com.xe.testcases.ConversionTestUsingPOM@5f14761c]" started-at="2024-02-01T16:12:32 GMT" name="refreshHomePage" finished-at="2024-02-01T16:12:35 GMT" duration-ms="3249" status="PASS">
          <reporter-output>
          </reporter-output>
        </test-method> <!-- refreshHomePage -->
        <test-method signature="currencyConverionTest(java.util.Hashtable)[pri:3, instance:com.xe.testcases.ConversionTestUsingPOM@5f14761c]" started-at="2024-02-01T16:12:35 GMT" name="currencyConverionTest" data-provider="getTestData" finished-at="2024-02-01T16:12:38 GMT" duration-ms="2667" status="PASS">
          <params>
            <param index="0">
              <value>
                <![CDATA[{Amount=170.0, From_Currency=USD, Run_Mode=Y, To_Currency=AUD}]]>
              </value>
            </param>
          </params>
          <reporter-output>
          </reporter-output>
        </test-method> <!-- currencyConverionTest -->
        <test-method is-config="true" signature="refreshHomePage()[pri:0, instance:com.xe.testcases.ConversionTestUsingPOM@5f14761c]" started-at="2024-02-01T16:12:38 GMT" name="refreshHomePage" finished-at="2024-02-01T16:12:41 GMT" duration-ms="3484" status="PASS">
          <reporter-output>
          </reporter-output>
        </test-method> <!-- refreshHomePage -->
        <test-method signature="currencyConverionTest(java.util.Hashtable)[pri:3, instance:com.xe.testcases.ConversionTestUsingPOM@5f14761c]" started-at="2024-02-01T16:12:41 GMT" name="currencyConverionTest" data-provider="getTestData" finished-at="2024-02-01T16:12:44 GMT" duration-ms="2479" status="PASS">
          <params>
            <param index="0">
              <value>
                <![CDATA[{Amount=230.0, From_Currency=JPY, Run_Mode=Y, To_Currency=CAD}]]>
              </value>
            </param>
          </params>
          <reporter-output>
          </reporter-output>
        </test-method> <!-- currencyConverionTest -->
        <test-method is-config="true" signature="refreshHomePage()[pri:0, instance:com.xe.testcases.ConversionTestUsingPOM@5f14761c]" started-at="2024-02-01T16:12:44 GMT" name="refreshHomePage" finished-at="2024-02-01T16:12:47 GMT" duration-ms="3180" status="PASS">
          <reporter-output>
          </reporter-output>
        </test-method> <!-- refreshHomePage -->
        <test-method is-config="true" signature="tearDown()[pri:0, instance:com.xe.testcases.ConversionTestUsingPOM@5f14761c]" started-at="2024-02-01T16:12:47 GMT" name="tearDown" finished-at="2024-02-01T16:12:47 GMT" duration-ms="290" status="PASS">
          <reporter-output>
          </reporter-output>
        </test-method> <!-- tearDown -->
      </class> <!-- com.xe.testcases.ConversionTestUsingPOM -->
    </test> <!-- Currency Conversion Test POM -->
  </suite> <!-- Currency Conversion Suite -->
</testng-results>
