-------------------------------------------------------------------------------
Test set: TestSuite
-------------------------------------------------------------------------------
Tests run: 16, Failures: 1, Errors: 0, Skipped: 2, Time elapsed: 88.941 s <<< FAILURE! - in TestSuite
verifyConversionPageTitle(com.xe.testcases.ConversionTestUsingPOM)  Time elapsed: 0.332 s  <<< FAILURE!
java.lang.AssertionError: expected [Xe Currency Converter - Live Exchange Rates Today1] but found [Xe Currency Converter - Live Exchange Rates Today]
	at com.xe.testcases.ConversionTestUsingPOM.verifyConversionPageTitle(ConversionTestUsingPOM.java:39)

