<?xml version="1.0" encoding="UTF-8"?>
<testng-results ignored="0" total="8" passed="7" failed="0" skipped="1">
  <reporter-output>
  </reporter-output>
  <suite started-at="2024-02-01T10:00:09 GMT" name="Currency Conversion Suite" finished-at="2024-02-01T10:00:50 GMT" duration-ms="41673">
    <groups>
    </groups>
    <test started-at="2024-02-01T10:00:09 GMT" name="Currency Conversion Test POM" finished-at="2024-02-01T10:00:50 GMT" duration-ms="41673">
      <class name="com.xe.testcases.ConversionTestUsingPOM">
        <test-method is-config="true" signature="initialize()[pri:0, instance:com.xe.testcases.ConversionTestUsingPOM@3c435123]" started-at="2024-02-01T10:00:09 GMT" name="initialize" finished-at="2024-02-01T10:00:13 GMT" duration-ms="4266" status="PASS">
          <reporter-output>
          </reporter-output>
        </test-method> <!-- initialize -->
        <test-method signature="verifyConversionPageTitle()[pri:1, instance:com.xe.testcases.ConversionTestUsingPOM@3c435123]" started-at="2024-02-01T10:00:13 GMT" name="verifyConversionPageTitle" finished-at="2024-02-01T10:00:13 GMT" duration-ms="194" status="PASS">
          <reporter-output>
          </reporter-output>
        </test-method> <!-- verifyConversionPageTitle -->
        <test-method is-config="true" signature="refreshHomePage()[pri:0, instance:com.xe.testcases.ConversionTestUsingPOM@3c435123]" started-at="2024-02-01T10:00:13 GMT" name="refreshHomePage" finished-at="2024-02-01T10:00:16 GMT" duration-ms="2966" status="PASS">
          <reporter-output>
          </reporter-output>
        </test-method> <!-- refreshHomePage -->
        <test-method signature="verifySignInButtonIsPresent()[pri:2, instance:com.xe.testcases.ConversionTestUsingPOM@3c435123]" started-at="2024-02-01T10:00:16 GMT" name="verifySignInButtonIsPresent" finished-at="2024-02-01T10:00:16 GMT" duration-ms="78" status="PASS">
          <reporter-output>
          </reporter-output>
        </test-method> <!-- verifySignInButtonIsPresent -->
        <test-method is-config="true" signature="refreshHomePage()[pri:0, instance:com.xe.testcases.ConversionTestUsingPOM@3c435123]" started-at="2024-02-01T10:00:17 GMT" name="refreshHomePage" finished-at="2024-02-01T10:00:19 GMT" duration-ms="2732" status="PASS">
          <reporter-output>
          </reporter-output>
        </test-method> <!-- refreshHomePage -->
        <test-method signature="currencyConverionTest(java.util.Hashtable)[pri:3, instance:com.xe.testcases.ConversionTestUsingPOM@3c435123]" started-at="2024-02-01T10:00:19 GMT" name="currencyConverionTest" data-provider="getTestData" finished-at="2024-02-01T10:00:22 GMT" duration-ms="2652" status="PASS">
          <params>
            <param index="0">
              <value>
                <![CDATA[{Amount=120.0, From_Currency=EUR, Run_Mode=Y, To_Currency=USD}]]>
              </value>
            </param>
          </params>
          <reporter-output>
          </reporter-output>
        </test-method> <!-- currencyConverionTest -->
        <test-method is-config="true" signature="refreshHomePage()[pri:0, instance:com.xe.testcases.ConversionTestUsingPOM@3c435123]" started-at="2024-02-01T10:00:22 GMT" name="refreshHomePage" finished-at="2024-02-01T10:00:25 GMT" duration-ms="2953" status="PASS">
          <reporter-output>
          </reporter-output>
        </test-method> <!-- refreshHomePage -->
        <test-method signature="currencyConverionTest(java.util.Hashtable)[pri:3, instance:com.xe.testcases.ConversionTestUsingPOM@3c435123]" started-at="2024-02-01T10:00:25 GMT" name="currencyConverionTest" data-provider="getTestData" finished-at="2024-02-01T10:00:28 GMT" duration-ms="2626" status="PASS">
          <params>
            <param index="0">
              <value>
                <![CDATA[{Amount=200.0, From_Currency=USD, Run_Mode=Y, To_Currency=EUR}]]>
              </value>
            </param>
          </params>
          <reporter-output>
          </reporter-output>
        </test-method> <!-- currencyConverionTest -->
        <test-method is-config="true" signature="refreshHomePage()[pri:0, instance:com.xe.testcases.ConversionTestUsingPOM@3c435123]" started-at="2024-02-01T10:00:28 GMT" name="refreshHomePage" finished-at="2024-02-01T10:00:30 GMT" duration-ms="2840" status="PASS">
          <reporter-output>
          </reporter-output>
        </test-method> <!-- refreshHomePage -->
        <test-method signature="currencyConverionTest(java.util.Hashtable)[pri:3, instance:com.xe.testcases.ConversionTestUsingPOM@3c435123]" started-at="2024-02-01T10:00:30 GMT" name="currencyConverionTest" data-provider="getTestData" finished-at="2024-02-01T10:00:33 GMT" duration-ms="2485" status="PASS">
          <params>
            <param index="0">
              <value>
                <![CDATA[{Amount=100.0, From_Currency=GBP, Run_Mode=Y, To_Currency=INR}]]>
              </value>
            </param>
          </params>
          <reporter-output>
          </reporter-output>
        </test-method> <!-- currencyConverionTest -->
        <test-method is-config="true" signature="refreshHomePage()[pri:0, instance:com.xe.testcases.ConversionTestUsingPOM@3c435123]" started-at="2024-02-01T10:00:33 GMT" name="refreshHomePage" finished-at="2024-02-01T10:00:36 GMT" duration-ms="2988" status="PASS">
          <reporter-output>
          </reporter-output>
        </test-method> <!-- refreshHomePage -->
        <test-method signature="currencyConverionTest(java.util.Hashtable)[pri:3, instance:com.xe.testcases.ConversionTestUsingPOM@3c435123]" started-at="2024-02-01T10:00:36 GMT" name="currencyConverionTest" data-provider="getTestData" finished-at="2024-02-01T10:00:36 GMT" duration-ms="2" status="SKIP">
          <params>
            <param index="0">
              <value>
                <![CDATA[{Amount=200.0, From_Currency=AUD, Run_Mode=N, To_Currency=USD}]]>
              </value>
            </param>
          </params>
          <exception class="org.testng.SkipException">
            <message>
              <![CDATA[Skipping the test as the run mode is NO]]>
            </message>
            <full-stacktrace>
              <![CDATA[org.testng.SkipException: Skipping the test as the run mode is NO
at com.xe.testcases.ConversionTestUsingPOM.currencyConverionTest(ConversionTestUsingPOM.java:42)
at java.base/jdk.internal.reflect.NativeMethodAccessorImpl.invoke0(Native Method)
at java.base/jdk.internal.reflect.NativeMethodAccessorImpl.invoke(NativeMethodAccessorImpl.java:77)
at java.base/jdk.internal.reflect.DelegatingMethodAccessorImpl.invoke(DelegatingMethodAccessorImpl.java:43)
at java.base/java.lang.reflect.Method.invoke(Method.java:568)
at org.testng.internal.invokers.MethodInvocationHelper.invokeMethod(MethodInvocationHelper.java:136)
at org.testng.internal.invokers.TestInvoker.invokeMethod(TestInvoker.java:658)
at org.testng.internal.invokers.TestInvoker.invokeTestMethod(TestInvoker.java:219)
at org.testng.internal.invokers.MethodRunner.runInSequence(MethodRunner.java:50)
at org.testng.internal.invokers.TestInvoker$MethodInvocationAgent.invoke(TestInvoker.java:923)
at org.testng.internal.invokers.TestInvoker.invokeTestMethods(TestInvoker.java:192)
at org.testng.internal.invokers.TestMethodWorker.invokeTestMethods(TestMethodWorker.java:146)
at org.testng.internal.invokers.TestMethodWorker.run(TestMethodWorker.java:128)
at java.base/java.util.ArrayList.forEach(ArrayList.java:1511)
at org.testng.TestRunner.privateRun(TestRunner.java:808)
at org.testng.TestRunner.run(TestRunner.java:603)
at org.testng.SuiteRunner.runTest(SuiteRunner.java:429)
at org.testng.SuiteRunner.runSequentially(SuiteRunner.java:423)
at org.testng.SuiteRunner.privateRun(SuiteRunner.java:383)
at org.testng.SuiteRunner.run(SuiteRunner.java:326)
at org.testng.SuiteRunnerWorker.runSuite(SuiteRunnerWorker.java:52)
at org.testng.SuiteRunnerWorker.run(SuiteRunnerWorker.java:95)
at org.testng.TestNG.runSuitesSequentially(TestNG.java:1249)
at org.testng.TestNG.runSuitesLocally(TestNG.java:1169)
at org.testng.TestNG.runSuites(TestNG.java:1092)
at org.testng.TestNG.run(TestNG.java:1060)
at org.testng.remote.AbstractRemoteTestNG.run(AbstractRemoteTestNG.java:115)
at org.testng.remote.RemoteTestNG.initAndRun(RemoteTestNG.java:251)
at org.testng.remote.RemoteTestNG.main(RemoteTestNG.java:77)
]]>
            </full-stacktrace>
          </exception> <!-- org.testng.SkipException -->
          <reporter-output>
          </reporter-output>
        </test-method> <!-- currencyConverionTest -->
        <test-method is-config="true" signature="refreshHomePage()[pri:0, instance:com.xe.testcases.ConversionTestUsingPOM@3c435123]" started-at="2024-02-01T10:00:36 GMT" name="refreshHomePage" finished-at="2024-02-01T10:00:39 GMT" duration-ms="3102" status="PASS">
          <reporter-output>
          </reporter-output>
        </test-method> <!-- refreshHomePage -->
        <test-method signature="currencyConverionTest(java.util.Hashtable)[pri:3, instance:com.xe.testcases.ConversionTestUsingPOM@3c435123]" started-at="2024-02-01T10:00:39 GMT" name="currencyConverionTest" data-provider="getTestData" finished-at="2024-02-01T10:00:42 GMT" duration-ms="2620" status="PASS">
          <params>
            <param index="0">
              <value>
                <![CDATA[{Amount=170.0, From_Currency=USD, Run_Mode=Y, To_Currency=AUD}]]>
              </value>
            </param>
          </params>
          <reporter-output>
          </reporter-output>
        </test-method> <!-- currencyConverionTest -->
        <test-method is-config="true" signature="refreshHomePage()[pri:0, instance:com.xe.testcases.ConversionTestUsingPOM@3c435123]" started-at="2024-02-01T10:00:42 GMT" name="refreshHomePage" finished-at="2024-02-01T10:00:45 GMT" duration-ms="3108" status="PASS">
          <reporter-output>
          </reporter-output>
        </test-method> <!-- refreshHomePage -->
        <test-method signature="currencyConverionTest(java.util.Hashtable)[pri:3, instance:com.xe.testcases.ConversionTestUsingPOM@3c435123]" started-at="2024-02-01T10:00:45 GMT" name="currencyConverionTest" data-provider="getTestData" finished-at="2024-02-01T10:00:47 GMT" duration-ms="2499" status="PASS">
          <params>
            <param index="0">
              <value>
                <![CDATA[{Amount=230.0, From_Currency=JPY, Run_Mode=Y, To_Currency=CAD}]]>
              </value>
            </param>
          </params>
          <reporter-output>
          </reporter-output>
        </test-method> <!-- currencyConverionTest -->
        <test-method is-config="true" signature="refreshHomePage()[pri:0, instance:com.xe.testcases.ConversionTestUsingPOM@3c435123]" started-at="2024-02-01T10:00:47 GMT" name="refreshHomePage" finished-at="2024-02-01T10:00:50 GMT" duration-ms="3040" status="PASS">
          <reporter-output>
          </reporter-output>
        </test-method> <!-- refreshHomePage -->
        <test-method is-config="true" signature="tearDown()[pri:0, instance:com.xe.testcases.ConversionTestUsingPOM@3c435123]" started-at="2024-02-01T10:00:50 GMT" name="tearDown" finished-at="2024-02-01T10:00:50 GMT" duration-ms="235" status="PASS">
          <reporter-output>
          </reporter-output>
        </test-method> <!-- tearDown -->
      </class> <!-- com.xe.testcases.ConversionTestUsingPOM -->
    </test> <!-- Currency Conversion Test POM -->
  </suite> <!-- Currency Conversion Suite -->
</testng-results>
