<?xml version="1.0" encoding="UTF-8"?>
<testng-results ignored="0" total="16" passed="14" failed="0" skipped="2">
  <reporter-output>
  </reporter-output>
  <suite started-at="2024-02-01T14:55:42 GMT" name="Currency Conversion Suite" finished-at="2024-02-01T14:57:06 GMT" duration-ms="83990">
    <groups>
    </groups>
    <test started-at="2024-02-01T14:55:42 GMT" name="Currency Conversion Test" finished-at="2024-02-01T14:56:25 GMT" duration-ms="42331">
      <class name="com.xe.testcases.ConversionTest">
        <test-method is-config="true" signature="setUp()[pri:0, instance:com.xe.testcases.ConversionTest@50ab56e2]" started-at="2024-02-01T14:55:42 GMT" name="setUp" finished-at="2024-02-01T14:55:48 GMT" duration-ms="5988" status="PASS">
          <reporter-output>
          </reporter-output>
        </test-method> <!-- setUp -->
        <test-method signature="verifyConversionPageTitle()[pri:1, instance:com.xe.testcases.ConversionTest@50ab56e2]" started-at="2024-02-01T14:55:48 GMT" name="verifyConversionPageTitle" description="Verifying Conversion Page Title" finished-at="2024-02-01T14:55:49 GMT" duration-ms="128" status="PASS">
          <reporter-output>
          </reporter-output>
        </test-method> <!-- verifyConversionPageTitle -->
        <test-method is-config="true" signature="refreshHomePage()[pri:0, instance:com.xe.testcases.ConversionTest@50ab56e2]" started-at="2024-02-01T14:55:49 GMT" name="refreshHomePage" finished-at="2024-02-01T14:55:52 GMT" duration-ms="2870" status="PASS">
          <reporter-output>
          </reporter-output>
        </test-method> <!-- refreshHomePage -->
        <test-method signature="verifySignInButtonIsPresent()[pri:2, instance:com.xe.testcases.ConversionTest@50ab56e2]" started-at="2024-02-01T14:55:52 GMT" name="verifySignInButtonIsPresent" description="Verifying SignIn button" finished-at="2024-02-01T14:55:52 GMT" duration-ms="36" status="PASS">
          <reporter-output>
          </reporter-output>
        </test-method> <!-- verifySignInButtonIsPresent -->
        <test-method is-config="true" signature="refreshHomePage()[pri:0, instance:com.xe.testcases.ConversionTest@50ab56e2]" started-at="2024-02-01T14:55:52 GMT" name="refreshHomePage" finished-at="2024-02-01T14:55:54 GMT" duration-ms="2707" status="PASS">
          <reporter-output>
          </reporter-output>
        </test-method> <!-- refreshHomePage -->
        <test-method signature="currencyConverionTest(java.util.Hashtable)[pri:3, instance:com.xe.testcases.ConversionTest@50ab56e2]" started-at="2024-02-01T14:55:55 GMT" name="currencyConverionTest" data-provider="getTestData" finished-at="2024-02-01T14:55:57 GMT" duration-ms="2511" status="PASS">
          <params>
            <param index="0">
              <value>
                <![CDATA[{Amount=120.0, From_Currency=EUR, Run_Mode=Y, To_Currency=USD}]]>
              </value>
            </param>
          </params>
          <reporter-output>
          </reporter-output>
        </test-method> <!-- currencyConverionTest -->
        <test-method is-config="true" signature="refreshHomePage()[pri:0, instance:com.xe.testcases.ConversionTest@50ab56e2]" started-at="2024-02-01T14:55:57 GMT" name="refreshHomePage" finished-at="2024-02-01T14:56:00 GMT" duration-ms="3255" status="PASS">
          <reporter-output>
          </reporter-output>
        </test-method> <!-- refreshHomePage -->
        <test-method signature="currencyConverionTest(java.util.Hashtable)[pri:3, instance:com.xe.testcases.ConversionTest@50ab56e2]" started-at="2024-02-01T14:56:00 GMT" name="currencyConverionTest" data-provider="getTestData" finished-at="2024-02-01T14:56:03 GMT" duration-ms="2234" status="PASS">
          <params>
            <param index="0">
              <value>
                <![CDATA[{Amount=200.0, From_Currency=USD, Run_Mode=Y, To_Currency=EUR}]]>
              </value>
            </param>
          </params>
          <reporter-output>
          </reporter-output>
        </test-method> <!-- currencyConverionTest -->
        <test-method is-config="true" signature="refreshHomePage()[pri:0, instance:com.xe.testcases.ConversionTest@50ab56e2]" started-at="2024-02-01T14:56:03 GMT" name="refreshHomePage" finished-at="2024-02-01T14:56:05 GMT" duration-ms="2837" status="PASS">
          <reporter-output>
          </reporter-output>
        </test-method> <!-- refreshHomePage -->
        <test-method signature="currencyConverionTest(java.util.Hashtable)[pri:3, instance:com.xe.testcases.ConversionTest@50ab56e2]" started-at="2024-02-01T14:56:05 GMT" name="currencyConverionTest" data-provider="getTestData" finished-at="2024-02-01T14:56:08 GMT" duration-ms="2338" status="PASS">
          <params>
            <param index="0">
              <value>
                <![CDATA[{Amount=100.0, From_Currency=GBP, Run_Mode=Y, To_Currency=INR}]]>
              </value>
            </param>
          </params>
          <reporter-output>
          </reporter-output>
        </test-method> <!-- currencyConverionTest -->
        <test-method is-config="true" signature="refreshHomePage()[pri:0, instance:com.xe.testcases.ConversionTest@50ab56e2]" started-at="2024-02-01T14:56:08 GMT" name="refreshHomePage" finished-at="2024-02-01T14:56:11 GMT" duration-ms="2822" status="PASS">
          <reporter-output>
          </reporter-output>
        </test-method> <!-- refreshHomePage -->
        <test-method signature="currencyConverionTest(java.util.Hashtable)[pri:3, instance:com.xe.testcases.ConversionTest@50ab56e2]" started-at="2024-02-01T14:56:11 GMT" name="currencyConverionTest" data-provider="getTestData" finished-at="2024-02-01T14:56:11 GMT" duration-ms="7" status="SKIP">
          <params>
            <param index="0">
              <value>
                <![CDATA[{Amount=200.0, From_Currency=AUD, Run_Mode=N, To_Currency=USD}]]>
              </value>
            </param>
          </params>
          <exception class="org.testng.SkipException">
            <message>
              <![CDATA[Skipping the test as the run mode is NO]]>
            </message>
            <full-stacktrace>
              <![CDATA[org.testng.SkipException: Skipping the test as the run mode is NO
at com.xe.testcases.ConversionTest.currencyConverionTest(ConversionTest.java:52)
at java.base/jdk.internal.reflect.NativeMethodAccessorImpl.invoke0(Native Method)
at java.base/jdk.internal.reflect.NativeMethodAccessorImpl.invoke(NativeMethodAccessorImpl.java:77)
at java.base/jdk.internal.reflect.DelegatingMethodAccessorImpl.invoke(DelegatingMethodAccessorImpl.java:43)
at java.base/java.lang.reflect.Method.invoke(Method.java:568)
at org.testng.internal.invokers.MethodInvocationHelper.invokeMethod(MethodInvocationHelper.java:136)
at org.testng.internal.invokers.TestInvoker.invokeMethod(TestInvoker.java:658)
at org.testng.internal.invokers.TestInvoker.invokeTestMethod(TestInvoker.java:219)
at org.testng.internal.invokers.MethodRunner.runInSequence(MethodRunner.java:50)
at org.testng.internal.invokers.TestInvoker$MethodInvocationAgent.invoke(TestInvoker.java:923)
at org.testng.internal.invokers.TestInvoker.invokeTestMethods(TestInvoker.java:192)
at org.testng.internal.invokers.TestMethodWorker.invokeTestMethods(TestMethodWorker.java:146)
at org.testng.internal.invokers.TestMethodWorker.run(TestMethodWorker.java:128)
at java.base/java.util.ArrayList.forEach(ArrayList.java:1511)
at org.testng.TestRunner.privateRun(TestRunner.java:808)
at org.testng.TestRunner.run(TestRunner.java:603)
at org.testng.SuiteRunner.runTest(SuiteRunner.java:429)
at org.testng.SuiteRunner.runSequentially(SuiteRunner.java:423)
at org.testng.SuiteRunner.privateRun(SuiteRunner.java:383)
at org.testng.SuiteRunner.run(SuiteRunner.java:326)
at org.testng.SuiteRunnerWorker.runSuite(SuiteRunnerWorker.java:52)
at org.testng.SuiteRunnerWorker.run(SuiteRunnerWorker.java:95)
at org.testng.TestNG.runSuitesSequentially(TestNG.java:1249)
at org.testng.TestNG.runSuitesLocally(TestNG.java:1169)
at org.testng.TestNG.runSuites(TestNG.java:1092)
at org.testng.TestNG.run(TestNG.java:1060)
at org.testng.remote.AbstractRemoteTestNG.run(AbstractRemoteTestNG.java:115)
at org.testng.remote.RemoteTestNG.initAndRun(RemoteTestNG.java:251)
at org.testng.remote.RemoteTestNG.main(RemoteTestNG.java:77)
]]>
            </full-stacktrace>
          </exception> <!-- org.testng.SkipException -->
          <reporter-output>
          </reporter-output>
        </test-method> <!-- currencyConverionTest -->
        <test-method is-config="true" signature="refreshHomePage()[pri:0, instance:com.xe.testcases.ConversionTest@50ab56e2]" started-at="2024-02-01T14:56:11 GMT" name="refreshHomePage" finished-at="2024-02-01T14:56:14 GMT" duration-ms="3077" status="PASS">
          <reporter-output>
          </reporter-output>
        </test-method> <!-- refreshHomePage -->
        <test-method signature="currencyConverionTest(java.util.Hashtable)[pri:3, instance:com.xe.testcases.ConversionTest@50ab56e2]" started-at="2024-02-01T14:56:14 GMT" name="currencyConverionTest" data-provider="getTestData" finished-at="2024-02-01T14:56:16 GMT" duration-ms="2319" status="PASS">
          <params>
            <param index="0">
              <value>
                <![CDATA[{Amount=170.0, From_Currency=USD, Run_Mode=Y, To_Currency=AUD}]]>
              </value>
            </param>
          </params>
          <reporter-output>
          </reporter-output>
        </test-method> <!-- currencyConverionTest -->
        <test-method is-config="true" signature="refreshHomePage()[pri:0, instance:com.xe.testcases.ConversionTest@50ab56e2]" started-at="2024-02-01T14:56:16 GMT" name="refreshHomePage" finished-at="2024-02-01T14:56:19 GMT" duration-ms="3379" status="PASS">
          <reporter-output>
          </reporter-output>
        </test-method> <!-- refreshHomePage -->
        <test-method signature="currencyConverionTest(java.util.Hashtable)[pri:3, instance:com.xe.testcases.ConversionTest@50ab56e2]" started-at="2024-02-01T14:56:19 GMT" name="currencyConverionTest" data-provider="getTestData" finished-at="2024-02-01T14:56:22 GMT" duration-ms="2279" status="PASS">
          <params>
            <param index="0">
              <value>
                <![CDATA[{Amount=230.0, From_Currency=JPY, Run_Mode=Y, To_Currency=CAD}]]>
              </value>
            </param>
          </params>
          <reporter-output>
          </reporter-output>
        </test-method> <!-- currencyConverionTest -->
        <test-method is-config="true" signature="refreshHomePage()[pri:0, instance:com.xe.testcases.ConversionTest@50ab56e2]" started-at="2024-02-01T14:56:22 GMT" name="refreshHomePage" finished-at="2024-02-01T14:56:24 GMT" duration-ms="2813" status="PASS">
          <reporter-output>
          </reporter-output>
        </test-method> <!-- refreshHomePage -->
        <test-method is-config="true" signature="tearDown()[pri:0, instance:com.xe.testcases.ConversionTest@50ab56e2]" started-at="2024-02-01T14:56:24 GMT" name="tearDown" finished-at="2024-02-01T14:56:25 GMT" duration-ms="259" status="PASS">
          <reporter-output>
          </reporter-output>
        </test-method> <!-- tearDown -->
      </class> <!-- com.xe.testcases.ConversionTest -->
    </test> <!-- Currency Conversion Test -->
    <test started-at="2024-02-01T14:56:25 GMT" name="Currency Conversion Test POM" finished-at="2024-02-01T14:57:06 GMT" duration-ms="41136">
      <class name="com.xe.testcases.ConversionTestUsingPOM">
        <test-method is-config="true" signature="initialize()[pri:0, instance:com.xe.testcases.ConversionTestUsingPOM@718f805a]" started-at="2024-02-01T14:56:25 GMT" name="initialize" finished-at="2024-02-01T14:56:29 GMT" duration-ms="3600" status="PASS">
          <reporter-output>
          </reporter-output>
        </test-method> <!-- initialize -->
        <test-method signature="verifyConversionPageTitle()[pri:1, instance:com.xe.testcases.ConversionTestUsingPOM@718f805a]" started-at="2024-02-01T14:56:29 GMT" name="verifyConversionPageTitle" description="Verifying Conversion Page Title" finished-at="2024-02-01T14:56:29 GMT" duration-ms="87" status="PASS">
          <reporter-output>
          </reporter-output>
        </test-method> <!-- verifyConversionPageTitle -->
        <test-method is-config="true" signature="refreshHomePage()[pri:0, instance:com.xe.testcases.ConversionTestUsingPOM@718f805a]" started-at="2024-02-01T14:56:29 GMT" name="refreshHomePage" finished-at="2024-02-01T14:56:32 GMT" duration-ms="2835" status="PASS">
          <reporter-output>
          </reporter-output>
        </test-method> <!-- refreshHomePage -->
        <test-method signature="verifySignInButtonIsPresent()[pri:2, instance:com.xe.testcases.ConversionTestUsingPOM@718f805a]" started-at="2024-02-01T14:56:32 GMT" name="verifySignInButtonIsPresent" description="Verifying SignIn button" finished-at="2024-02-01T14:56:32 GMT" duration-ms="67" status="PASS">
          <reporter-output>
          </reporter-output>
        </test-method> <!-- verifySignInButtonIsPresent -->
        <test-method is-config="true" signature="refreshHomePage()[pri:0, instance:com.xe.testcases.ConversionTestUsingPOM@718f805a]" started-at="2024-02-01T14:56:32 GMT" name="refreshHomePage" finished-at="2024-02-01T14:56:35 GMT" duration-ms="2847" status="PASS">
          <reporter-output>
          </reporter-output>
        </test-method> <!-- refreshHomePage -->
        <test-method signature="currencyConverionTest(java.util.Hashtable)[pri:3, instance:com.xe.testcases.ConversionTestUsingPOM@718f805a]" started-at="2024-02-01T14:56:35 GMT" name="currencyConverionTest" data-provider="getTestData" finished-at="2024-02-01T14:56:37 GMT" duration-ms="2522" status="PASS">
          <params>
            <param index="0">
              <value>
                <![CDATA[{Amount=120.0, From_Currency=EUR, Run_Mode=Y, To_Currency=USD}]]>
              </value>
            </param>
          </params>
          <reporter-output>
          </reporter-output>
        </test-method> <!-- currencyConverionTest -->
        <test-method is-config="true" signature="refreshHomePage()[pri:0, instance:com.xe.testcases.ConversionTestUsingPOM@718f805a]" started-at="2024-02-01T14:56:37 GMT" name="refreshHomePage" finished-at="2024-02-01T14:56:40 GMT" duration-ms="3273" status="PASS">
          <reporter-output>
          </reporter-output>
        </test-method> <!-- refreshHomePage -->
        <test-method signature="currencyConverionTest(java.util.Hashtable)[pri:3, instance:com.xe.testcases.ConversionTestUsingPOM@718f805a]" started-at="2024-02-01T14:56:40 GMT" name="currencyConverionTest" data-provider="getTestData" finished-at="2024-02-01T14:56:43 GMT" duration-ms="2517" status="PASS">
          <params>
            <param index="0">
              <value>
                <![CDATA[{Amount=200.0, From_Currency=USD, Run_Mode=Y, To_Currency=EUR}]]>
              </value>
            </param>
          </params>
          <reporter-output>
          </reporter-output>
        </test-method> <!-- currencyConverionTest -->
        <test-method is-config="true" signature="refreshHomePage()[pri:0, instance:com.xe.testcases.ConversionTestUsingPOM@718f805a]" started-at="2024-02-01T14:56:43 GMT" name="refreshHomePage" finished-at="2024-02-01T14:56:46 GMT" duration-ms="3156" status="PASS">
          <reporter-output>
          </reporter-output>
        </test-method> <!-- refreshHomePage -->
        <test-method signature="currencyConverionTest(java.util.Hashtable)[pri:3, instance:com.xe.testcases.ConversionTestUsingPOM@718f805a]" started-at="2024-02-01T14:56:46 GMT" name="currencyConverionTest" data-provider="getTestData" finished-at="2024-02-01T14:56:49 GMT" duration-ms="2546" status="PASS">
          <params>
            <param index="0">
              <value>
                <![CDATA[{Amount=100.0, From_Currency=GBP, Run_Mode=Y, To_Currency=INR}]]>
              </value>
            </param>
          </params>
          <reporter-output>
          </reporter-output>
        </test-method> <!-- currencyConverionTest -->
        <test-method is-config="true" signature="refreshHomePage()[pri:0, instance:com.xe.testcases.ConversionTestUsingPOM@718f805a]" started-at="2024-02-01T14:56:49 GMT" name="refreshHomePage" finished-at="2024-02-01T14:56:52 GMT" duration-ms="3164" status="PASS">
          <reporter-output>
          </reporter-output>
        </test-method> <!-- refreshHomePage -->
        <test-method signature="currencyConverionTest(java.util.Hashtable)[pri:3, instance:com.xe.testcases.ConversionTestUsingPOM@718f805a]" started-at="2024-02-01T14:56:52 GMT" name="currencyConverionTest" data-provider="getTestData" finished-at="2024-02-01T14:56:52 GMT" duration-ms="3" status="SKIP">
          <params>
            <param index="0">
              <value>
                <![CDATA[{Amount=200.0, From_Currency=AUD, Run_Mode=N, To_Currency=USD}]]>
              </value>
            </param>
          </params>
          <exception class="org.testng.SkipException">
            <message>
              <![CDATA[Skipping the test as the run mode is NO]]>
            </message>
            <full-stacktrace>
              <![CDATA[org.testng.SkipException: Skipping the test as the run mode is NO
at com.xe.testcases.ConversionTestUsingPOM.currencyConverionTest(ConversionTestUsingPOM.java:59)
at java.base/jdk.internal.reflect.NativeMethodAccessorImpl.invoke0(Native Method)
at java.base/jdk.internal.reflect.NativeMethodAccessorImpl.invoke(NativeMethodAccessorImpl.java:77)
at java.base/jdk.internal.reflect.DelegatingMethodAccessorImpl.invoke(DelegatingMethodAccessorImpl.java:43)
at java.base/java.lang.reflect.Method.invoke(Method.java:568)
at org.testng.internal.invokers.MethodInvocationHelper.invokeMethod(MethodInvocationHelper.java:136)
at org.testng.internal.invokers.TestInvoker.invokeMethod(TestInvoker.java:658)
at org.testng.internal.invokers.TestInvoker.invokeTestMethod(TestInvoker.java:219)
at org.testng.internal.invokers.MethodRunner.runInSequence(MethodRunner.java:50)
at org.testng.internal.invokers.TestInvoker$MethodInvocationAgent.invoke(TestInvoker.java:923)
at org.testng.internal.invokers.TestInvoker.invokeTestMethods(TestInvoker.java:192)
at org.testng.internal.invokers.TestMethodWorker.invokeTestMethods(TestMethodWorker.java:146)
at org.testng.internal.invokers.TestMethodWorker.run(TestMethodWorker.java:128)
at java.base/java.util.ArrayList.forEach(ArrayList.java:1511)
at org.testng.TestRunner.privateRun(TestRunner.java:808)
at org.testng.TestRunner.run(TestRunner.java:603)
at org.testng.SuiteRunner.runTest(SuiteRunner.java:429)
at org.testng.SuiteRunner.runSequentially(SuiteRunner.java:423)
at org.testng.SuiteRunner.privateRun(SuiteRunner.java:383)
at org.testng.SuiteRunner.run(SuiteRunner.java:326)
at org.testng.SuiteRunnerWorker.runSuite(SuiteRunnerWorker.java:52)
at org.testng.SuiteRunnerWorker.run(SuiteRunnerWorker.java:95)
at org.testng.TestNG.runSuitesSequentially(TestNG.java:1249)
at org.testng.TestNG.runSuitesLocally(TestNG.java:1169)
at org.testng.TestNG.runSuites(TestNG.java:1092)
at org.testng.TestNG.run(TestNG.java:1060)
at org.testng.remote.AbstractRemoteTestNG.run(AbstractRemoteTestNG.java:115)
at org.testng.remote.RemoteTestNG.initAndRun(RemoteTestNG.java:251)
at org.testng.remote.RemoteTestNG.main(RemoteTestNG.java:77)
]]>
            </full-stacktrace>
          </exception> <!-- org.testng.SkipException -->
          <reporter-output>
          </reporter-output>
        </test-method> <!-- currencyConverionTest -->
        <test-method is-config="true" signature="refreshHomePage()[pri:0, instance:com.xe.testcases.ConversionTestUsingPOM@718f805a]" started-at="2024-02-01T14:56:52 GMT" name="refreshHomePage" finished-at="2024-02-01T14:56:55 GMT" duration-ms="3084" status="PASS">
          <reporter-output>
          </reporter-output>
        </test-method> <!-- refreshHomePage -->
        <test-method signature="currencyConverionTest(java.util.Hashtable)[pri:3, instance:com.xe.testcases.ConversionTestUsingPOM@718f805a]" started-at="2024-02-01T14:56:55 GMT" name="currencyConverionTest" data-provider="getTestData" finished-at="2024-02-01T14:56:58 GMT" duration-ms="2886" status="PASS">
          <params>
            <param index="0">
              <value>
                <![CDATA[{Amount=170.0, From_Currency=USD, Run_Mode=Y, To_Currency=AUD}]]>
              </value>
            </param>
          </params>
          <reporter-output>
          </reporter-output>
        </test-method> <!-- currencyConverionTest -->
        <test-method is-config="true" signature="refreshHomePage()[pri:0, instance:com.xe.testcases.ConversionTestUsingPOM@718f805a]" started-at="2024-02-01T14:56:58 GMT" name="refreshHomePage" finished-at="2024-02-01T14:57:01 GMT" duration-ms="2924" status="PASS">
          <reporter-output>
          </reporter-output>
        </test-method> <!-- refreshHomePage -->
        <test-method signature="currencyConverionTest(java.util.Hashtable)[pri:3, instance:com.xe.testcases.ConversionTestUsingPOM@718f805a]" started-at="2024-02-01T14:57:01 GMT" name="currencyConverionTest" data-provider="getTestData" finished-at="2024-02-01T14:57:03 GMT" duration-ms="2481" status="PASS">
          <params>
            <param index="0">
              <value>
                <![CDATA[{Amount=230.0, From_Currency=JPY, Run_Mode=Y, To_Currency=CAD}]]>
              </value>
            </param>
          </params>
          <reporter-output>
          </reporter-output>
        </test-method> <!-- currencyConverionTest -->
        <test-method is-config="true" signature="refreshHomePage()[pri:0, instance:com.xe.testcases.ConversionTestUsingPOM@718f805a]" started-at="2024-02-01T14:57:03 GMT" name="refreshHomePage" finished-at="2024-02-01T14:57:06 GMT" duration-ms="2865" status="PASS">
          <reporter-output>
          </reporter-output>
        </test-method> <!-- refreshHomePage -->
        <test-method is-config="true" signature="tearDown()[pri:0, instance:com.xe.testcases.ConversionTestUsingPOM@718f805a]" started-at="2024-02-01T14:57:06 GMT" name="tearDown" finished-at="2024-02-01T14:57:06 GMT" duration-ms="232" status="PASS">
          <reporter-output>
          </reporter-output>
        </test-method> <!-- tearDown -->
      </class> <!-- com.xe.testcases.ConversionTestUsingPOM -->
    </test> <!-- Currency Conversion Test POM -->
  </suite> <!-- Currency Conversion Suite -->
</testng-results>
